2021-05-26 18:38:11,727:INFO:PyCaret Supervised Module
2021-05-26 18:38:11,727:INFO:ML Usecase: regression
2021-05-26 18:38:11,727:INFO:version 2.3.1
2021-05-26 18:38:11,727:INFO:Initializing setup()
2021-05-26 18:38:11,727:INFO:setup(target=quality, ml_usecase=regression, available_plots={'parameter': 'Hyperparameters', 'residuals': 'Residuals', 'error': 'Prediction Error', 'cooks': 'Cooks Distance', 'rfe': 'Feature Selection', 'learning': 'Learning Curve', 'manifold': 'Manifold Learning', 'vc': 'Validation Curve', 'feature': 'Feature Importance', 'feature_all': 'Feature Importance (All)', 'tree': 'Decision Tree', 'residuals_interactive': 'Interactive Residuals'}, train_size=0.7, test_data=None, preprocess=True, imputation_type=simple, iterative_imputation_iters=5, categorical_features=None, categorical_imputation=constant, categorical_iterative_imputer=lightgbm, ordinal_features=None, high_cardinality_features=None, high_cardinality_method=frequency, numeric_features=None, numeric_imputation=mean, numeric_iterative_imputer=lightgbm, date_features=None, ignore_features=None, normalize=False, normalize_method=zscore, transformation=False, transformation_method=yeo-johnson, handle_unknown_categorical=True, unknown_categorical_method=least_frequent, pca=False, pca_method=linear, pca_components=None, ignore_low_variance=False, combine_rare_levels=False, rare_level_threshold=0.1, bin_numeric_features=None, remove_outliers=False, outliers_threshold=0.05, remove_multicollinearity=False, multicollinearity_threshold=0.9, remove_perfect_collinearity=True, create_clusters=False, cluster_iter=20, polynomial_features=False, polynomial_degree=2, trigonometry_features=False, polynomial_threshold=0.1, group_features=None, group_names=None, feature_selection=False, feature_selection_threshold=0.8, feature_selection_method=classic, feature_interaction=False, feature_ratio=False, interaction_threshold=0.01, fix_imbalance=False, fix_imbalance_method=None, transform_target=False, transform_target_method=box-cox, data_split_shuffle=True, data_split_stratify=False, fold_strategy=kfold, fold=10, fold_shuffle=False, fold_groups=None, n_jobs=-1, use_gpu=False, custom_pipeline=None, html=True, session_id=123, log_experiment=False, experiment_name=None, log_plots=False, log_profile=False, log_data=False, silent=False, verbose=True, profile=False, profile_kwargs=None, display=None)
2021-05-26 18:38:11,727:INFO:Checking environment
2021-05-26 18:38:11,728:INFO:python_version: 3.8.5
2021-05-26 18:38:11,728:INFO:python_build: ('default', 'Sep  3 2020 21:29:08')
2021-05-26 18:38:11,728:INFO:machine: AMD64
2021-05-26 18:38:11,728:INFO:platform: Windows-10-10.0.19041-SP0
2021-05-26 18:38:11,729:INFO:Memory: svmem(total=16929988608, available=6562643968, percent=61.2, used=10367344640, free=6562643968)
2021-05-26 18:38:11,729:INFO:Physical Core: 6
2021-05-26 18:38:11,729:INFO:Logical Core: 12
2021-05-26 18:38:11,729:INFO:Checking libraries
2021-05-26 18:38:11,729:INFO:pd==1.1.3
2021-05-26 18:38:11,729:INFO:numpy==1.19.5
2021-05-26 18:38:11,729:INFO:sklearn==0.23.2
2021-05-26 18:38:11,729:INFO:lightgbm==3.2.1
2021-05-26 18:38:11,730:WARNING:catboost not found
2021-05-26 18:38:11,734:WARNING:xgboost not found
2021-05-26 18:38:12,645:INFO:mlflow==1.17.0
2021-05-26 18:38:12,646:INFO:Checking Exceptions
2021-05-26 18:38:12,646:INFO:Declaring global variables
2021-05-26 18:38:12,646:INFO:USI: d18a
2021-05-26 18:38:12,646:INFO:pycaret_globals: {'USI', 'transform_target_method_param', '_all_metrics', 'fold_groups_param', 'exp_name_log', 'y_train', 'iterative_imputation_iters_param', 'imputation_classifier', 'logging_param', '_all_models_internal', 'create_model_container', 'fold_shuffle_param', 'X_train', '_internal_pipeline', 'fix_imbalance_param', 'transform_target_param', 'stratify_param', 'target_param', 'master_model_container', 'n_jobs_param', '_all_models', '_ml_usecase', 'X_test', 'fold_generator', 'log_plots_param', 'fix_imbalance_method_param', 'fold_groups_param_full', '_gpu_n_jobs_param', 'fold_param', 'X', 'pycaret_globals', 'prep_pipe', 'gpu_param', 'data_before_preprocess', 'html_param', 'y', 'y_test', 'seed', '_available_plots', 'display_container', 'imputation_regressor', 'experiment__'}
2021-05-26 18:38:12,646:INFO:Preparing display monitor
2021-05-26 18:38:12,646:INFO:Preparing display monitor
2021-05-26 18:38:12,666:INFO:Importing libraries
2021-05-26 18:38:12,666:INFO:Copying data for preprocessing
2021-05-26 18:38:12,683:INFO:Declaring preprocessing parameters
2021-05-26 18:38:12,692:INFO:Creating preprocessing pipeline
2021-05-26 18:38:12,734:INFO:Preprocessing pipeline created successfully
2021-05-26 18:38:12,735:ERROR:(Process Exit): setup has been interupted with user command 'quit'. setup must rerun.
2021-05-26 18:38:12,735:INFO:Creating global containers
2021-05-26 18:38:12,737:INFO:Internal pipeline: Pipeline(memory=None, steps=[('empty_step', 'passthrough')], verbose=False)
2021-05-26 18:38:44,823:WARNING:Couldn't import xgboost.XGBRegressor
2021-05-26 18:38:44,825:WARNING:Couldn't import catboost.CatBoostRegressor
2021-05-26 18:38:44,990:WARNING:Couldn't import xgboost.XGBRegressor
2021-05-26 18:38:44,992:WARNING:Couldn't import catboost.CatBoostRegressor
2021-05-26 18:38:44,992:INFO:Creating grid variables
2021-05-26 18:38:45,027:INFO:create_model_container: 0
2021-05-26 18:38:45,028:INFO:master_model_container: 0
2021-05-26 18:38:45,028:INFO:display_container: 1
2021-05-26 18:38:45,037:INFO:Pipeline(memory=None,
         steps=[('dtypes',
                 DataTypes_Auto_infer(categorical_features=[],
                                      display_types=True, features_todrop=[],
                                      id_columns=[], ml_usecase='regression',
                                      numerical_features=[], target='quality',
                                      time_features=[])),
                ('imputer',
                 Simple_Imputer(categorical_strategy='not_available',
                                fill_value_categorical=None,
                                fill_value_numerical=None,
                                numeric_strategy...
                ('scaling', 'passthrough'), ('P_transform', 'passthrough'),
                ('binn', 'passthrough'), ('rem_outliers', 'passthrough'),
                ('cluster_all', 'passthrough'),
                ('dummy', Dummify(target='quality')),
                ('fix_perfect', Remove_100(target='quality')),
                ('clean_names', Clean_Colum_Names()),
                ('feature_select', 'passthrough'), ('fix_multi', 'passthrough'),
                ('dfs', 'passthrough'), ('pca', 'passthrough')],
         verbose=False)
2021-05-26 18:38:45,038:INFO:setup() succesfully completed......................................
2021-05-26 18:39:48,399:INFO:Initializing compare_models()
2021-05-26 18:39:48,400:INFO:compare_models(include=None, fold=None, round=4, cross_validation=True, sort=R2, n_select=1, budget_time=None, turbo=True, errors=ignore, fit_kwargs=None, groups=None, verbose=True, display=None, exclude=['ransac'])
2021-05-26 18:39:48,401:INFO:Checking exceptions
2021-05-26 18:39:48,402:INFO:Preparing display monitor
2021-05-26 18:39:48,402:INFO:Preparing display monitor
2021-05-26 18:39:48,458:INFO:Initializing Linear Regression
2021-05-26 18:39:48,459:INFO:Total runtime is 1.6987323760986328e-05 minutes
2021-05-26 18:39:48,476:INFO:SubProcess create_model() called ==================================
2021-05-26 18:39:48,477:INFO:Initializing create_model()
2021-05-26 18:39:48,477:INFO:create_model(estimator=lr, fold=KFold(n_splits=10, random_state=None, shuffle=False), round=4, cross_validation=True, predict=True, fit_kwargs={}, groups=None, refit=False, verbose=False, system=False, metrics=None, display=<pycaret.internal.Display.Display object at 0x00000186DEA67250>, kwargs={})
2021-05-26 18:39:48,477:INFO:Checking exceptions
2021-05-26 18:39:48,478:INFO:Importing libraries
2021-05-26 18:39:48,478:INFO:Copying training dataset
2021-05-26 18:39:48,482:INFO:Defining folds
2021-05-26 18:39:48,482:INFO:Declaring metric variables
2021-05-26 18:39:48,505:INFO:Importing untrained model
2021-05-26 18:39:48,520:INFO:Linear Regression Imported succesfully
2021-05-26 18:39:48,542:INFO:Starting cross validation
2021-05-26 18:39:48,563:INFO:Cross validating with KFold(n_splits=10, random_state=None, shuffle=False), n_jobs=-1
2021-05-26 18:39:58,166:INFO:Calculating mean and std
2021-05-26 18:39:58,168:INFO:Creating metrics dataframe
2021-05-26 18:39:58,184:INFO:Uploading results into container
2021-05-26 18:39:58,184:INFO:Uploading model into container now
2021-05-26 18:39:58,184:INFO:create_model_container: 1
2021-05-26 18:39:58,184:INFO:master_model_container: 1
2021-05-26 18:39:58,184:INFO:display_container: 2
2021-05-26 18:39:58,185:INFO:LinearRegression(copy_X=True, fit_intercept=True, n_jobs=-1, normalize=False)
2021-05-26 18:39:58,185:INFO:create_model() succesfully completed......................................
2021-05-26 18:39:58,532:INFO:SubProcess create_model() end ==================================
2021-05-26 18:39:58,533:INFO:Creating metrics dataframe
2021-05-26 18:39:58,555:INFO:Initializing Lasso Regression
2021-05-26 18:39:58,556:INFO:Total runtime is 0.1682884971300761 minutes
2021-05-26 18:39:58,574:INFO:SubProcess create_model() called ==================================
2021-05-26 18:39:58,574:INFO:Initializing create_model()
2021-05-26 18:39:58,574:INFO:create_model(estimator=lasso, fold=KFold(n_splits=10, random_state=None, shuffle=False), round=4, cross_validation=True, predict=True, fit_kwargs={}, groups=None, refit=False, verbose=False, system=False, metrics=None, display=<pycaret.internal.Display.Display object at 0x00000186DEA67250>, kwargs={})
2021-05-26 18:39:58,574:INFO:Checking exceptions
2021-05-26 18:39:58,575:INFO:Importing libraries
2021-05-26 18:39:58,575:INFO:Copying training dataset
2021-05-26 18:39:58,575:INFO:Defining folds
2021-05-26 18:39:58,576:INFO:Declaring metric variables
2021-05-26 18:39:58,589:INFO:Importing untrained model
2021-05-26 18:39:58,615:INFO:Lasso Regression Imported succesfully
2021-05-26 18:39:58,640:INFO:Starting cross validation
2021-05-26 18:39:58,641:INFO:Cross validating with KFold(n_splits=10, random_state=None, shuffle=False), n_jobs=-1
2021-05-26 18:40:03,145:INFO:Calculating mean and std
2021-05-26 18:40:03,147:INFO:Creating metrics dataframe
2021-05-26 18:40:03,158:INFO:Uploading results into container
2021-05-26 18:40:03,158:INFO:Uploading model into container now
2021-05-26 18:40:03,158:INFO:create_model_container: 2
2021-05-26 18:40:03,158:INFO:master_model_container: 2
2021-05-26 18:40:03,158:INFO:display_container: 2
2021-05-26 18:40:03,159:INFO:Lasso(alpha=1.0, copy_X=True, fit_intercept=True, max_iter=1000,
      normalize=False, positive=False, precompute=False, random_state=123,
      selection='cyclic', tol=0.0001, warm_start=False)
2021-05-26 18:40:03,159:INFO:create_model() succesfully completed......................................
2021-05-26 18:40:03,530:INFO:SubProcess create_model() end ==================================
2021-05-26 18:40:03,530:INFO:Creating metrics dataframe
2021-05-26 18:40:03,554:INFO:Initializing Ridge Regression
2021-05-26 18:40:03,554:INFO:Total runtime is 0.25158699353535974 minutes
2021-05-26 18:40:03,571:INFO:SubProcess create_model() called ==================================
2021-05-26 18:40:03,571:INFO:Initializing create_model()
2021-05-26 18:40:03,571:INFO:create_model(estimator=ridge, fold=KFold(n_splits=10, random_state=None, shuffle=False), round=4, cross_validation=True, predict=True, fit_kwargs={}, groups=None, refit=False, verbose=False, system=False, metrics=None, display=<pycaret.internal.Display.Display object at 0x00000186DEA67250>, kwargs={})
2021-05-26 18:40:03,572:INFO:Checking exceptions
2021-05-26 18:40:03,572:INFO:Importing libraries
2021-05-26 18:40:03,572:INFO:Copying training dataset
2021-05-26 18:40:03,573:INFO:Defining folds
2021-05-26 18:40:03,573:INFO:Declaring metric variables
2021-05-26 18:40:03,590:INFO:Importing untrained model
2021-05-26 18:40:03,612:INFO:Ridge Regression Imported succesfully
2021-05-26 18:40:03,647:INFO:Starting cross validation
2021-05-26 18:40:03,649:INFO:Cross validating with KFold(n_splits=10, random_state=None, shuffle=False), n_jobs=-1
2021-05-26 18:40:03,780:INFO:Calculating mean and std
2021-05-26 18:40:03,782:INFO:Creating metrics dataframe
2021-05-26 18:40:03,792:INFO:Uploading results into container
2021-05-26 18:40:03,792:INFO:Uploading model into container now
2021-05-26 18:40:03,792:INFO:create_model_container: 3
2021-05-26 18:40:03,792:INFO:master_model_container: 3
2021-05-26 18:40:03,792:INFO:display_container: 2
2021-05-26 18:40:03,793:INFO:Ridge(alpha=1.0, copy_X=True, fit_intercept=True, max_iter=None,
      normalize=False, random_state=123, solver='auto', tol=0.001)
2021-05-26 18:40:03,793:INFO:create_model() succesfully completed......................................
2021-05-26 18:40:04,138:INFO:SubProcess create_model() end ==================================
2021-05-26 18:40:04,138:INFO:Creating metrics dataframe
2021-05-26 18:40:04,165:INFO:Initializing Elastic Net
2021-05-26 18:40:04,165:INFO:Total runtime is 0.2617770155270895 minutes
2021-05-26 18:40:04,181:INFO:SubProcess create_model() called ==================================
2021-05-26 18:40:04,181:INFO:Initializing create_model()
2021-05-26 18:40:04,181:INFO:create_model(estimator=en, fold=KFold(n_splits=10, random_state=None, shuffle=False), round=4, cross_validation=True, predict=True, fit_kwargs={}, groups=None, refit=False, verbose=False, system=False, metrics=None, display=<pycaret.internal.Display.Display object at 0x00000186DEA67250>, kwargs={})
2021-05-26 18:40:04,181:INFO:Checking exceptions
2021-05-26 18:40:04,181:INFO:Importing libraries
2021-05-26 18:40:04,181:INFO:Copying training dataset
2021-05-26 18:40:04,182:INFO:Defining folds
2021-05-26 18:40:04,182:INFO:Declaring metric variables
2021-05-26 18:40:04,198:INFO:Importing untrained model
2021-05-26 18:40:04,218:INFO:Elastic Net Imported succesfully
2021-05-26 18:40:04,253:INFO:Starting cross validation
2021-05-26 18:40:04,254:INFO:Cross validating with KFold(n_splits=10, random_state=None, shuffle=False), n_jobs=-1
2021-05-26 18:40:04,398:INFO:Calculating mean and std
2021-05-26 18:40:04,402:INFO:Creating metrics dataframe
2021-05-26 18:40:04,406:INFO:Uploading results into container
2021-05-26 18:40:04,406:INFO:Uploading model into container now
2021-05-26 18:40:04,408:INFO:create_model_container: 4
2021-05-26 18:40:04,409:INFO:master_model_container: 4
2021-05-26 18:40:04,409:INFO:display_container: 2
2021-05-26 18:40:04,411:INFO:ElasticNet(alpha=1.0, copy_X=True, fit_intercept=True, l1_ratio=0.5,
           max_iter=1000, normalize=False, positive=False, precompute=False,
           random_state=123, selection='cyclic', tol=0.0001, warm_start=False)
2021-05-26 18:40:04,411:INFO:create_model() succesfully completed......................................
2021-05-26 18:40:04,766:INFO:SubProcess create_model() end ==================================
2021-05-26 18:40:04,767:INFO:Creating metrics dataframe
2021-05-26 18:40:04,803:INFO:Initializing Least Angle Regression
2021-05-26 18:40:04,804:INFO:Total runtime is 0.2724278569221497 minutes
2021-05-26 18:40:04,824:INFO:SubProcess create_model() called ==================================
2021-05-26 18:40:04,825:INFO:Initializing create_model()
2021-05-26 18:40:04,825:INFO:create_model(estimator=lar, fold=KFold(n_splits=10, random_state=None, shuffle=False), round=4, cross_validation=True, predict=True, fit_kwargs={}, groups=None, refit=False, verbose=False, system=False, metrics=None, display=<pycaret.internal.Display.Display object at 0x00000186DEA67250>, kwargs={})
2021-05-26 18:40:04,825:INFO:Checking exceptions
2021-05-26 18:40:04,825:INFO:Importing libraries
2021-05-26 18:40:04,825:INFO:Copying training dataset
2021-05-26 18:40:04,826:INFO:Defining folds
2021-05-26 18:40:04,826:INFO:Declaring metric variables
2021-05-26 18:40:04,847:INFO:Importing untrained model
2021-05-26 18:40:04,874:INFO:Least Angle Regression Imported succesfully
2021-05-26 18:40:04,904:INFO:Starting cross validation
2021-05-26 18:40:04,905:INFO:Cross validating with KFold(n_splits=10, random_state=None, shuffle=False), n_jobs=-1
2021-05-26 18:40:05,047:INFO:Calculating mean and std
2021-05-26 18:40:05,048:INFO:Creating metrics dataframe
2021-05-26 18:40:05,054:INFO:Uploading results into container
2021-05-26 18:40:05,054:INFO:Uploading model into container now
2021-05-26 18:40:05,055:INFO:create_model_container: 5
2021-05-26 18:40:05,055:INFO:master_model_container: 5
2021-05-26 18:40:05,055:INFO:display_container: 2
2021-05-26 18:40:05,055:INFO:Lars(copy_X=True, eps=2.220446049250313e-16, fit_intercept=True, fit_path=True,
     jitter=None, n_nonzero_coefs=500, normalize=True, precompute='auto',
     random_state=123, verbose=False)
2021-05-26 18:40:05,055:INFO:create_model() succesfully completed......................................
2021-05-26 18:40:05,412:INFO:SubProcess create_model() end ==================================
2021-05-26 18:40:05,412:INFO:Creating metrics dataframe
2021-05-26 18:40:05,450:INFO:Initializing Lasso Least Angle Regression
2021-05-26 18:40:05,450:INFO:Total runtime is 0.2831973592440288 minutes
2021-05-26 18:40:05,471:INFO:SubProcess create_model() called ==================================
2021-05-26 18:40:05,472:INFO:Initializing create_model()
2021-05-26 18:40:05,472:INFO:create_model(estimator=llar, fold=KFold(n_splits=10, random_state=None, shuffle=False), round=4, cross_validation=True, predict=True, fit_kwargs={}, groups=None, refit=False, verbose=False, system=False, metrics=None, display=<pycaret.internal.Display.Display object at 0x00000186DEA67250>, kwargs={})
2021-05-26 18:40:05,472:INFO:Checking exceptions
2021-05-26 18:40:05,472:INFO:Importing libraries
2021-05-26 18:40:05,472:INFO:Copying training dataset
2021-05-26 18:40:05,473:INFO:Defining folds
2021-05-26 18:40:05,473:INFO:Declaring metric variables
2021-05-26 18:40:05,487:INFO:Importing untrained model
2021-05-26 18:40:05,510:INFO:Lasso Least Angle Regression Imported succesfully
2021-05-26 18:40:05,541:INFO:Starting cross validation
2021-05-26 18:40:05,542:INFO:Cross validating with KFold(n_splits=10, random_state=None, shuffle=False), n_jobs=-1
2021-05-26 18:40:05,678:INFO:Calculating mean and std
2021-05-26 18:40:05,679:INFO:Creating metrics dataframe
2021-05-26 18:40:05,686:INFO:Uploading results into container
2021-05-26 18:40:05,686:INFO:Uploading model into container now
2021-05-26 18:40:05,686:INFO:create_model_container: 6
2021-05-26 18:40:05,686:INFO:master_model_container: 6
2021-05-26 18:40:05,686:INFO:display_container: 2
2021-05-26 18:40:05,687:INFO:LassoLars(alpha=1.0, copy_X=True, eps=2.220446049250313e-16, fit_intercept=True,
          fit_path=True, jitter=None, max_iter=500, normalize=True,
          positive=False, precompute='auto', random_state=123, verbose=False)
2021-05-26 18:40:05,687:INFO:create_model() succesfully completed......................................
2021-05-26 18:40:06,100:INFO:SubProcess create_model() end ==================================
2021-05-26 18:40:06,100:INFO:Creating metrics dataframe
2021-05-26 18:40:06,125:INFO:Initializing Orthogonal Matching Pursuit
2021-05-26 18:40:06,126:INFO:Total runtime is 0.294451920191447 minutes
2021-05-26 18:40:06,145:INFO:SubProcess create_model() called ==================================
2021-05-26 18:40:06,146:INFO:Initializing create_model()
2021-05-26 18:40:06,146:INFO:create_model(estimator=omp, fold=KFold(n_splits=10, random_state=None, shuffle=False), round=4, cross_validation=True, predict=True, fit_kwargs={}, groups=None, refit=False, verbose=False, system=False, metrics=None, display=<pycaret.internal.Display.Display object at 0x00000186DEA67250>, kwargs={})
2021-05-26 18:40:06,146:INFO:Checking exceptions
2021-05-26 18:40:06,146:INFO:Importing libraries
2021-05-26 18:40:06,146:INFO:Copying training dataset
2021-05-26 18:40:06,149:INFO:Defining folds
2021-05-26 18:40:06,149:INFO:Declaring metric variables
2021-05-26 18:40:06,166:INFO:Importing untrained model
2021-05-26 18:40:06,186:INFO:Orthogonal Matching Pursuit Imported succesfully
2021-05-26 18:40:06,220:INFO:Starting cross validation
2021-05-26 18:40:06,222:INFO:Cross validating with KFold(n_splits=10, random_state=None, shuffle=False), n_jobs=-1
2021-05-26 18:40:06,374:INFO:Calculating mean and std
2021-05-26 18:40:06,379:INFO:Creating metrics dataframe
2021-05-26 18:40:06,389:INFO:Uploading results into container
2021-05-26 18:40:06,389:INFO:Uploading model into container now
2021-05-26 18:40:06,390:INFO:create_model_container: 7
2021-05-26 18:40:06,390:INFO:master_model_container: 7
2021-05-26 18:40:06,390:INFO:display_container: 2
2021-05-26 18:40:06,390:INFO:OrthogonalMatchingPursuit(fit_intercept=True, n_nonzero_coefs=None,
                          normalize=True, precompute='auto', tol=None)
2021-05-26 18:40:06,391:INFO:create_model() succesfully completed......................................
2021-05-26 18:40:06,773:INFO:SubProcess create_model() end ==================================
2021-05-26 18:40:06,773:INFO:Creating metrics dataframe
2021-05-26 18:40:06,806:INFO:Initializing Bayesian Ridge
2021-05-26 18:40:06,807:INFO:Total runtime is 0.30581703186035164 minutes
2021-05-26 18:40:06,826:INFO:SubProcess create_model() called ==================================
2021-05-26 18:40:06,827:INFO:Initializing create_model()
2021-05-26 18:40:06,827:INFO:create_model(estimator=br, fold=KFold(n_splits=10, random_state=None, shuffle=False), round=4, cross_validation=True, predict=True, fit_kwargs={}, groups=None, refit=False, verbose=False, system=False, metrics=None, display=<pycaret.internal.Display.Display object at 0x00000186DEA67250>, kwargs={})
2021-05-26 18:40:06,827:INFO:Checking exceptions
2021-05-26 18:40:06,827:INFO:Importing libraries
2021-05-26 18:40:06,827:INFO:Copying training dataset
2021-05-26 18:40:06,829:INFO:Defining folds
2021-05-26 18:40:06,830:INFO:Declaring metric variables
2021-05-26 18:40:06,844:INFO:Importing untrained model
2021-05-26 18:40:06,867:INFO:Bayesian Ridge Imported succesfully
2021-05-26 18:40:06,900:INFO:Starting cross validation
2021-05-26 18:40:06,901:INFO:Cross validating with KFold(n_splits=10, random_state=None, shuffle=False), n_jobs=-1
2021-05-26 18:40:07,060:INFO:Calculating mean and std
2021-05-26 18:40:07,063:INFO:Creating metrics dataframe
2021-05-26 18:40:07,071:INFO:Uploading results into container
2021-05-26 18:40:07,071:INFO:Uploading model into container now
2021-05-26 18:40:07,071:INFO:create_model_container: 8
2021-05-26 18:40:07,071:INFO:master_model_container: 8
2021-05-26 18:40:07,071:INFO:display_container: 2
2021-05-26 18:40:07,073:INFO:BayesianRidge(alpha_1=1e-06, alpha_2=1e-06, alpha_init=None,
              compute_score=False, copy_X=True, fit_intercept=True,
              lambda_1=1e-06, lambda_2=1e-06, lambda_init=None, n_iter=300,
              normalize=False, tol=0.001, verbose=False)
2021-05-26 18:40:07,073:INFO:create_model() succesfully completed......................................
2021-05-26 18:40:07,444:INFO:SubProcess create_model() end ==================================
2021-05-26 18:40:07,444:INFO:Creating metrics dataframe
2021-05-26 18:40:07,474:INFO:Initializing Passive Aggressive Regressor
2021-05-26 18:40:07,474:INFO:Total runtime is 0.31693407694498704 minutes
2021-05-26 18:40:07,495:INFO:SubProcess create_model() called ==================================
2021-05-26 18:40:07,496:INFO:Initializing create_model()
2021-05-26 18:40:07,496:INFO:create_model(estimator=par, fold=KFold(n_splits=10, random_state=None, shuffle=False), round=4, cross_validation=True, predict=True, fit_kwargs={}, groups=None, refit=False, verbose=False, system=False, metrics=None, display=<pycaret.internal.Display.Display object at 0x00000186DEA67250>, kwargs={})
2021-05-26 18:40:07,496:INFO:Checking exceptions
2021-05-26 18:40:07,496:INFO:Importing libraries
2021-05-26 18:40:07,496:INFO:Copying training dataset
2021-05-26 18:40:07,502:INFO:Defining folds
2021-05-26 18:40:07,503:INFO:Declaring metric variables
2021-05-26 18:40:07,517:INFO:Importing untrained model
2021-05-26 18:40:07,529:INFO:Passive Aggressive Regressor Imported succesfully
2021-05-26 18:40:07,566:INFO:Starting cross validation
2021-05-26 18:40:07,568:INFO:Cross validating with KFold(n_splits=10, random_state=None, shuffle=False), n_jobs=-1
2021-05-26 18:40:07,712:INFO:Calculating mean and std
2021-05-26 18:40:07,716:INFO:Creating metrics dataframe
2021-05-26 18:40:07,723:INFO:Uploading results into container
2021-05-26 18:40:07,723:INFO:Uploading model into container now
2021-05-26 18:40:07,723:INFO:create_model_container: 9
2021-05-26 18:40:07,723:INFO:master_model_container: 9
2021-05-26 18:40:07,723:INFO:display_container: 2
2021-05-26 18:40:07,724:INFO:PassiveAggressiveRegressor(C=1.0, average=False, early_stopping=False,
                           epsilon=0.1, fit_intercept=True,
                           loss='epsilon_insensitive', max_iter=1000,
                           n_iter_no_change=5, random_state=123, shuffle=True,
                           tol=0.001, validation_fraction=0.1, verbose=0,
                           warm_start=False)
2021-05-26 18:40:07,724:INFO:create_model() succesfully completed......................................
2021-05-26 18:40:08,026:INFO:SubProcess create_model() end ==================================
2021-05-26 18:40:08,026:INFO:Creating metrics dataframe
2021-05-26 18:40:08,047:INFO:Initializing Huber Regressor
2021-05-26 18:40:08,047:INFO:Total runtime is 0.3264743645985922 minutes
2021-05-26 18:40:08,064:INFO:SubProcess create_model() called ==================================
2021-05-26 18:40:08,065:INFO:Initializing create_model()
2021-05-26 18:40:08,065:INFO:create_model(estimator=huber, fold=KFold(n_splits=10, random_state=None, shuffle=False), round=4, cross_validation=True, predict=True, fit_kwargs={}, groups=None, refit=False, verbose=False, system=False, metrics=None, display=<pycaret.internal.Display.Display object at 0x00000186DEA67250>, kwargs={})
2021-05-26 18:40:08,065:INFO:Checking exceptions
2021-05-26 18:40:08,065:INFO:Importing libraries
2021-05-26 18:40:08,065:INFO:Copying training dataset
2021-05-26 18:40:08,066:INFO:Defining folds
2021-05-26 18:40:08,066:INFO:Declaring metric variables
2021-05-26 18:40:08,081:INFO:Importing untrained model
2021-05-26 18:40:08,094:INFO:Huber Regressor Imported succesfully
2021-05-26 18:40:08,125:INFO:Starting cross validation
2021-05-26 18:40:08,126:INFO:Cross validating with KFold(n_splits=10, random_state=None, shuffle=False), n_jobs=-1
2021-05-26 18:40:08,757:INFO:Calculating mean and std
2021-05-26 18:40:08,758:INFO:Creating metrics dataframe
2021-05-26 18:40:08,768:INFO:Uploading results into container
2021-05-26 18:40:08,768:INFO:Uploading model into container now
2021-05-26 18:40:08,768:INFO:create_model_container: 10
2021-05-26 18:40:08,768:INFO:master_model_container: 10
2021-05-26 18:40:08,769:INFO:display_container: 2
2021-05-26 18:40:08,769:INFO:HuberRegressor(alpha=0.0001, epsilon=1.35, fit_intercept=True, max_iter=100,
               tol=1e-05, warm_start=False)
2021-05-26 18:40:08,770:INFO:create_model() succesfully completed......................................
2021-05-26 18:40:09,108:INFO:SubProcess create_model() end ==================================
2021-05-26 18:40:09,108:INFO:Creating metrics dataframe
2021-05-26 18:40:09,152:INFO:Initializing K Neighbors Regressor
2021-05-26 18:40:09,152:INFO:Total runtime is 0.3448907017707825 minutes
2021-05-26 18:40:09,161:INFO:SubProcess create_model() called ==================================
2021-05-26 18:40:09,162:INFO:Initializing create_model()
2021-05-26 18:40:09,162:INFO:create_model(estimator=knn, fold=KFold(n_splits=10, random_state=None, shuffle=False), round=4, cross_validation=True, predict=True, fit_kwargs={}, groups=None, refit=False, verbose=False, system=False, metrics=None, display=<pycaret.internal.Display.Display object at 0x00000186DEA67250>, kwargs={})
2021-05-26 18:40:09,162:INFO:Checking exceptions
2021-05-26 18:40:09,162:INFO:Importing libraries
2021-05-26 18:40:09,162:INFO:Copying training dataset
2021-05-26 18:40:09,165:INFO:Defining folds
2021-05-26 18:40:09,166:INFO:Declaring metric variables
2021-05-26 18:40:09,176:INFO:Importing untrained model
2021-05-26 18:40:09,187:INFO:K Neighbors Regressor Imported succesfully
2021-05-26 18:40:09,223:INFO:Starting cross validation
2021-05-26 18:40:09,223:INFO:Cross validating with KFold(n_splits=10, random_state=None, shuffle=False), n_jobs=-1
2021-05-26 18:40:09,955:WARNING:create_model() for knn raised an exception or returned all 0.0, trying without fit_kwargs:
2021-05-26 18:40:09,964:WARNING:joblib.externals.loky.process_executor._RemoteTraceback: 
"""
Traceback (most recent call last):
  File "C:\Users\izzyb\Anaconda3\lib\site-packages\sklearn\metrics\_scorer.py", line 56, in _cached_call
    return cache[method]
KeyError: 'predict'

During handling of the above exception, another exception occurred:

Traceback (most recent call last):
  File "C:\Users\izzyb\Anaconda3\lib\site-packages\joblib\externals\loky\process_executor.py", line 431, in _process_worker
    r = call_item()
  File "C:\Users\izzyb\Anaconda3\lib\site-packages\joblib\externals\loky\process_executor.py", line 285, in __call__
    return self.fn(*self.args, **self.kwargs)
  File "C:\Users\izzyb\Anaconda3\lib\site-packages\joblib\_parallel_backends.py", line 595, in __call__
    return self.func(*args, **kwargs)
  File "C:\Users\izzyb\Anaconda3\lib\site-packages\joblib\parallel.py", line 262, in __call__
    return [func(*args, **kwargs)
  File "C:\Users\izzyb\Anaconda3\lib\site-packages\joblib\parallel.py", line 262, in <listcomp>
    return [func(*args, **kwargs)
  File "C:\Users\izzyb\Anaconda3\lib\site-packages\sklearn\model_selection\_validation.py", line 560, in _fit_and_score
    test_scores = _score(estimator, X_test, y_test, scorer)
  File "C:\Users\izzyb\Anaconda3\lib\site-packages\sklearn\model_selection\_validation.py", line 607, in _score
    scores = scorer(estimator, X_test, y_test)
  File "C:\Users\izzyb\Anaconda3\lib\site-packages\sklearn\metrics\_scorer.py", line 87, in __call__
    score = scorer._score(cached_call, estimator,
  File "C:\Users\izzyb\Anaconda3\lib\site-packages\sklearn\metrics\_scorer.py", line 206, in _score
    y_pred = method_caller(estimator, "predict", X)
  File "C:\Users\izzyb\Anaconda3\lib\site-packages\sklearn\metrics\_scorer.py", line 58, in _cached_call
    result = getattr(estimator, method)(*args, **kwargs)
  File "C:\Users\izzyb\Anaconda3\lib\site-packages\pycaret\internal\pipeline.py", line 114, in predict
    result = super().predict(X, **predict_params)
  File "C:\Users\izzyb\Anaconda3\lib\site-packages\sklearn\utils\metaestimators.py", line 119, in <lambda>
    out = lambda *args, **kwargs: self.fn(obj, *args, **kwargs)
  File "C:\Users\izzyb\Anaconda3\lib\site-packages\sklearn\pipeline.py", line 408, in predict
    return self.steps[-1][-1].predict(Xt, **predict_params)
  File "C:\Users\izzyb\Anaconda3\lib\site-packages\sklearn\neighbors\_regression.py", line 185, in predict
    y_pred = np.mean(_y[neigh_ind], axis=1)
  File "<__array_function__ internals>", line 5, in mean
  File "C:\Users\izzyb\Anaconda3\lib\site-packages\numpy\core\fromnumeric.py", line 3372, in mean
    return _methods._mean(a, axis=axis, dtype=dtype,
  File "C:\Users\izzyb\Anaconda3\lib\site-packages\numpy\core\_methods.py", line 162, in _mean
    ret = um.true_divide(
TypeError: unsupported operand type(s) for /: 'str' and 'int'
"""

The above exception was the direct cause of the following exception:

Traceback (most recent call last):
  File "C:\Users\izzyb\Anaconda3\lib\site-packages\pycaret\internal\tabular.py", line 2166, in compare_models
    model, model_fit_time = create_model_supervised(
  File "C:\Users\izzyb\Anaconda3\lib\site-packages\pycaret\internal\tabular.py", line 3115, in create_model_supervised
    scores = cross_validate(
  File "C:\Users\izzyb\Anaconda3\lib\site-packages\sklearn\utils\validation.py", line 72, in inner_f
    return f(**kwargs)
  File "C:\Users\izzyb\Anaconda3\lib\site-packages\sklearn\model_selection\_validation.py", line 242, in cross_validate
    scores = parallel(
  File "C:\Users\izzyb\Anaconda3\lib\site-packages\joblib\parallel.py", line 1061, in __call__
    self.retrieve()
  File "C:\Users\izzyb\Anaconda3\lib\site-packages\joblib\parallel.py", line 940, in retrieve
    self._output.extend(job.get(timeout=self.timeout))
  File "C:\Users\izzyb\Anaconda3\lib\site-packages\joblib\_parallel_backends.py", line 542, in wrap_future_result
    return future.result(timeout=timeout)
  File "C:\Users\izzyb\Anaconda3\lib\concurrent\futures\_base.py", line 439, in result
    return self.__get_result()
  File "C:\Users\izzyb\Anaconda3\lib\concurrent\futures\_base.py", line 388, in __get_result
    raise self._exception
TypeError: unsupported operand type(s) for /: 'str' and 'int'

2021-05-26 18:40:09,964:INFO:Initializing create_model()
2021-05-26 18:40:09,964:INFO:create_model(estimator=knn, fold=KFold(n_splits=10, random_state=None, shuffle=False), round=4, cross_validation=True, predict=True, fit_kwargs=None, groups=None, refit=False, verbose=False, system=False, metrics=None, display=<pycaret.internal.Display.Display object at 0x00000186DEA67250>, kwargs={})
2021-05-26 18:40:09,965:INFO:Checking exceptions
2021-05-26 18:40:09,965:INFO:Importing libraries
2021-05-26 18:40:09,965:INFO:Copying training dataset
2021-05-26 18:40:09,966:INFO:Defining folds
2021-05-26 18:40:09,966:INFO:Declaring metric variables
2021-05-26 18:40:09,992:INFO:Importing untrained model
2021-05-26 18:40:10,015:INFO:K Neighbors Regressor Imported succesfully
2021-05-26 18:40:10,064:INFO:Starting cross validation
2021-05-26 18:40:10,067:INFO:Cross validating with KFold(n_splits=10, random_state=None, shuffle=False), n_jobs=-1
2021-05-26 18:40:19,683:ERROR:create_model() for knn raised an exception:
2021-05-26 18:40:19,684:ERROR:joblib.externals.loky.process_executor._RemoteTraceback: 
"""
Traceback (most recent call last):
  File "C:\Users\izzyb\Anaconda3\lib\site-packages\sklearn\metrics\_scorer.py", line 56, in _cached_call
    return cache[method]
KeyError: 'predict'

During handling of the above exception, another exception occurred:

Traceback (most recent call last):
  File "C:\Users\izzyb\Anaconda3\lib\site-packages\joblib\externals\loky\process_executor.py", line 431, in _process_worker
    r = call_item()
  File "C:\Users\izzyb\Anaconda3\lib\site-packages\joblib\externals\loky\process_executor.py", line 285, in __call__
    return self.fn(*self.args, **self.kwargs)
  File "C:\Users\izzyb\Anaconda3\lib\site-packages\joblib\_parallel_backends.py", line 595, in __call__
    return self.func(*args, **kwargs)
  File "C:\Users\izzyb\Anaconda3\lib\site-packages\joblib\parallel.py", line 262, in __call__
    return [func(*args, **kwargs)
  File "C:\Users\izzyb\Anaconda3\lib\site-packages\joblib\parallel.py", line 262, in <listcomp>
    return [func(*args, **kwargs)
  File "C:\Users\izzyb\Anaconda3\lib\site-packages\sklearn\model_selection\_validation.py", line 560, in _fit_and_score
    test_scores = _score(estimator, X_test, y_test, scorer)
  File "C:\Users\izzyb\Anaconda3\lib\site-packages\sklearn\model_selection\_validation.py", line 607, in _score
    scores = scorer(estimator, X_test, y_test)
  File "C:\Users\izzyb\Anaconda3\lib\site-packages\sklearn\metrics\_scorer.py", line 87, in __call__
    score = scorer._score(cached_call, estimator,
  File "C:\Users\izzyb\Anaconda3\lib\site-packages\sklearn\metrics\_scorer.py", line 206, in _score
    y_pred = method_caller(estimator, "predict", X)
  File "C:\Users\izzyb\Anaconda3\lib\site-packages\sklearn\metrics\_scorer.py", line 58, in _cached_call
    result = getattr(estimator, method)(*args, **kwargs)
  File "C:\Users\izzyb\Anaconda3\lib\site-packages\pycaret\internal\pipeline.py", line 114, in predict
    result = super().predict(X, **predict_params)
  File "C:\Users\izzyb\Anaconda3\lib\site-packages\sklearn\utils\metaestimators.py", line 119, in <lambda>
    out = lambda *args, **kwargs: self.fn(obj, *args, **kwargs)
  File "C:\Users\izzyb\Anaconda3\lib\site-packages\sklearn\pipeline.py", line 408, in predict
    return self.steps[-1][-1].predict(Xt, **predict_params)
  File "C:\Users\izzyb\Anaconda3\lib\site-packages\sklearn\neighbors\_regression.py", line 185, in predict
    y_pred = np.mean(_y[neigh_ind], axis=1)
  File "<__array_function__ internals>", line 5, in mean
  File "C:\Users\izzyb\Anaconda3\lib\site-packages\numpy\core\fromnumeric.py", line 3372, in mean
    return _methods._mean(a, axis=axis, dtype=dtype,
  File "C:\Users\izzyb\Anaconda3\lib\site-packages\numpy\core\_methods.py", line 162, in _mean
    ret = um.true_divide(
TypeError: unsupported operand type(s) for /: 'str' and 'int'
"""

The above exception was the direct cause of the following exception:

Traceback (most recent call last):
  File "C:\Users\izzyb\Anaconda3\lib\site-packages\pycaret\internal\tabular.py", line 2186, in compare_models
    model, model_fit_time = create_model_supervised(
  File "C:\Users\izzyb\Anaconda3\lib\site-packages\pycaret\internal\tabular.py", line 3115, in create_model_supervised
    scores = cross_validate(
  File "C:\Users\izzyb\Anaconda3\lib\site-packages\sklearn\utils\validation.py", line 72, in inner_f
    return f(**kwargs)
  File "C:\Users\izzyb\Anaconda3\lib\site-packages\sklearn\model_selection\_validation.py", line 242, in cross_validate
    scores = parallel(
  File "C:\Users\izzyb\Anaconda3\lib\site-packages\joblib\parallel.py", line 1061, in __call__
    self.retrieve()
  File "C:\Users\izzyb\Anaconda3\lib\site-packages\joblib\parallel.py", line 940, in retrieve
    self._output.extend(job.get(timeout=self.timeout))
  File "C:\Users\izzyb\Anaconda3\lib\site-packages\joblib\_parallel_backends.py", line 542, in wrap_future_result
    return future.result(timeout=timeout)
  File "C:\Users\izzyb\Anaconda3\lib\concurrent\futures\_base.py", line 439, in result
    return self.__get_result()
  File "C:\Users\izzyb\Anaconda3\lib\concurrent\futures\_base.py", line 388, in __get_result
    raise self._exception
TypeError: unsupported operand type(s) for /: 'str' and 'int'

2021-05-26 18:40:19,684:INFO:Initializing Decision Tree Regressor
2021-05-26 18:40:19,684:INFO:Total runtime is 0.5204219897588095 minutes
2021-05-26 18:40:19,694:INFO:SubProcess create_model() called ==================================
2021-05-26 18:40:19,695:INFO:Initializing create_model()
2021-05-26 18:40:19,695:INFO:create_model(estimator=dt, fold=KFold(n_splits=10, random_state=None, shuffle=False), round=4, cross_validation=True, predict=True, fit_kwargs={}, groups=None, refit=False, verbose=False, system=False, metrics=None, display=<pycaret.internal.Display.Display object at 0x00000186DEA67250>, kwargs={})
2021-05-26 18:40:19,695:INFO:Checking exceptions
2021-05-26 18:40:19,695:INFO:Importing libraries
2021-05-26 18:40:19,695:INFO:Copying training dataset
2021-05-26 18:40:19,696:INFO:Defining folds
2021-05-26 18:40:19,696:INFO:Declaring metric variables
2021-05-26 18:40:19,707:INFO:Importing untrained model
2021-05-26 18:40:19,720:INFO:Decision Tree Regressor Imported succesfully
2021-05-26 18:40:19,748:INFO:Starting cross validation
2021-05-26 18:40:19,749:INFO:Cross validating with KFold(n_splits=10, random_state=None, shuffle=False), n_jobs=-1
2021-05-26 18:40:28,546:INFO:Calculating mean and std
2021-05-26 18:40:28,549:INFO:Creating metrics dataframe
2021-05-26 18:40:28,555:INFO:Uploading results into container
2021-05-26 18:40:28,556:INFO:Uploading model into container now
2021-05-26 18:40:28,556:INFO:create_model_container: 11
2021-05-26 18:40:28,556:INFO:master_model_container: 11
2021-05-26 18:40:28,556:INFO:display_container: 2
2021-05-26 18:40:28,557:INFO:DecisionTreeRegressor(ccp_alpha=0.0, criterion='mse', max_depth=None,
                      max_features=None, max_leaf_nodes=None,
                      min_impurity_decrease=0.0, min_impurity_split=None,
                      min_samples_leaf=1, min_samples_split=2,
                      min_weight_fraction_leaf=0.0, presort='deprecated',
                      random_state=123, splitter='best')
2021-05-26 18:40:28,557:INFO:create_model() succesfully completed......................................
2021-05-26 18:40:28,855:INFO:SubProcess create_model() end ==================================
2021-05-26 18:40:28,855:INFO:Creating metrics dataframe
2021-05-26 18:40:28,881:INFO:Initializing Random Forest Regressor
2021-05-26 18:40:28,883:INFO:Total runtime is 0.6737386504809062 minutes
2021-05-26 18:40:28,898:INFO:SubProcess create_model() called ==================================
2021-05-26 18:40:28,899:INFO:Initializing create_model()
2021-05-26 18:40:28,899:INFO:create_model(estimator=rf, fold=KFold(n_splits=10, random_state=None, shuffle=False), round=4, cross_validation=True, predict=True, fit_kwargs={}, groups=None, refit=False, verbose=False, system=False, metrics=None, display=<pycaret.internal.Display.Display object at 0x00000186DEA67250>, kwargs={})
2021-05-26 18:40:28,899:INFO:Checking exceptions
2021-05-26 18:40:28,899:INFO:Importing libraries
2021-05-26 18:40:28,899:INFO:Copying training dataset
2021-05-26 18:40:28,901:INFO:Defining folds
2021-05-26 18:40:28,901:INFO:Declaring metric variables
2021-05-26 18:40:28,913:INFO:Importing untrained model
2021-05-26 18:40:28,924:INFO:Random Forest Regressor Imported succesfully
2021-05-26 18:40:28,953:INFO:Starting cross validation
2021-05-26 18:40:28,954:INFO:Cross validating with KFold(n_splits=10, random_state=None, shuffle=False), n_jobs=-1
2021-05-26 18:40:36,336:INFO:Calculating mean and std
2021-05-26 18:40:36,338:INFO:Creating metrics dataframe
2021-05-26 18:40:36,344:INFO:Uploading results into container
2021-05-26 18:40:36,344:INFO:Uploading model into container now
2021-05-26 18:40:36,344:INFO:create_model_container: 12
2021-05-26 18:40:36,344:INFO:master_model_container: 12
2021-05-26 18:40:36,344:INFO:display_container: 2
2021-05-26 18:40:36,345:INFO:RandomForestRegressor(bootstrap=True, ccp_alpha=0.0, criterion='mse',
                      max_depth=None, max_features='auto', max_leaf_nodes=None,
                      max_samples=None, min_impurity_decrease=0.0,
                      min_impurity_split=None, min_samples_leaf=1,
                      min_samples_split=2, min_weight_fraction_leaf=0.0,
                      n_estimators=100, n_jobs=-1, oob_score=False,
                      random_state=123, verbose=0, warm_start=False)
2021-05-26 18:40:36,345:INFO:create_model() succesfully completed......................................
2021-05-26 18:40:36,675:INFO:SubProcess create_model() end ==================================
2021-05-26 18:40:36,675:INFO:Creating metrics dataframe
2021-05-26 18:40:36,705:INFO:Initializing Extra Trees Regressor
2021-05-26 18:40:36,705:INFO:Total runtime is 0.8041096647580465 minutes
2021-05-26 18:40:36,722:INFO:SubProcess create_model() called ==================================
2021-05-26 18:40:36,723:INFO:Initializing create_model()
2021-05-26 18:40:36,724:INFO:create_model(estimator=et, fold=KFold(n_splits=10, random_state=None, shuffle=False), round=4, cross_validation=True, predict=True, fit_kwargs={}, groups=None, refit=False, verbose=False, system=False, metrics=None, display=<pycaret.internal.Display.Display object at 0x00000186DEA67250>, kwargs={})
2021-05-26 18:40:36,725:INFO:Checking exceptions
2021-05-26 18:40:36,725:INFO:Importing libraries
2021-05-26 18:40:36,725:INFO:Copying training dataset
2021-05-26 18:40:36,727:INFO:Defining folds
2021-05-26 18:40:36,728:INFO:Declaring metric variables
2021-05-26 18:40:36,745:INFO:Importing untrained model
2021-05-26 18:40:36,756:INFO:Extra Trees Regressor Imported succesfully
2021-05-26 18:40:36,787:INFO:Starting cross validation
2021-05-26 18:40:36,788:INFO:Cross validating with KFold(n_splits=10, random_state=None, shuffle=False), n_jobs=-1
2021-05-26 18:40:38,711:INFO:Calculating mean and std
2021-05-26 18:40:38,715:INFO:Creating metrics dataframe
2021-05-26 18:40:38,724:INFO:Uploading results into container
2021-05-26 18:40:38,724:INFO:Uploading model into container now
2021-05-26 18:40:38,724:INFO:create_model_container: 13
2021-05-26 18:40:38,725:INFO:master_model_container: 13
2021-05-26 18:40:38,725:INFO:display_container: 2
2021-05-26 18:40:38,725:INFO:ExtraTreesRegressor(bootstrap=False, ccp_alpha=0.0, criterion='mse',
                    max_depth=None, max_features='auto', max_leaf_nodes=None,
                    max_samples=None, min_impurity_decrease=0.0,
                    min_impurity_split=None, min_samples_leaf=1,
                    min_samples_split=2, min_weight_fraction_leaf=0.0,
                    n_estimators=100, n_jobs=-1, oob_score=False,
                    random_state=123, verbose=0, warm_start=False)
2021-05-26 18:40:38,726:INFO:create_model() succesfully completed......................................
2021-05-26 18:40:39,059:INFO:SubProcess create_model() end ==================================
2021-05-26 18:40:39,059:INFO:Creating metrics dataframe
2021-05-26 18:40:39,091:INFO:Initializing AdaBoost Regressor
2021-05-26 18:40:39,091:INFO:Total runtime is 0.8438828468322754 minutes
2021-05-26 18:40:39,107:INFO:SubProcess create_model() called ==================================
2021-05-26 18:40:39,107:INFO:Initializing create_model()
2021-05-26 18:40:39,108:INFO:create_model(estimator=ada, fold=KFold(n_splits=10, random_state=None, shuffle=False), round=4, cross_validation=True, predict=True, fit_kwargs={}, groups=None, refit=False, verbose=False, system=False, metrics=None, display=<pycaret.internal.Display.Display object at 0x00000186DEA67250>, kwargs={})
2021-05-26 18:40:39,108:INFO:Checking exceptions
2021-05-26 18:40:39,109:INFO:Importing libraries
2021-05-26 18:40:39,109:INFO:Copying training dataset
2021-05-26 18:40:39,110:INFO:Defining folds
2021-05-26 18:40:39,110:INFO:Declaring metric variables
2021-05-26 18:40:39,121:INFO:Importing untrained model
2021-05-26 18:40:39,140:INFO:AdaBoost Regressor Imported succesfully
2021-05-26 18:40:39,168:INFO:Starting cross validation
2021-05-26 18:40:39,169:INFO:Cross validating with KFold(n_splits=10, random_state=None, shuffle=False), n_jobs=-1
2021-05-26 18:40:39,964:INFO:Calculating mean and std
2021-05-26 18:40:39,965:INFO:Creating metrics dataframe
2021-05-26 18:40:39,970:INFO:Uploading results into container
2021-05-26 18:40:39,970:INFO:Uploading model into container now
2021-05-26 18:40:39,970:INFO:create_model_container: 14
2021-05-26 18:40:39,970:INFO:master_model_container: 14
2021-05-26 18:40:39,971:INFO:display_container: 2
2021-05-26 18:40:39,971:INFO:AdaBoostRegressor(base_estimator=None, learning_rate=1.0, loss='linear',
                  n_estimators=50, random_state=123)
2021-05-26 18:40:39,971:INFO:create_model() succesfully completed......................................
2021-05-26 18:40:40,292:INFO:SubProcess create_model() end ==================================
2021-05-26 18:40:40,292:INFO:Creating metrics dataframe
2021-05-26 18:40:40,321:INFO:Initializing Gradient Boosting Regressor
2021-05-26 18:40:40,321:INFO:Total runtime is 0.864375917116801 minutes
2021-05-26 18:40:40,334:INFO:SubProcess create_model() called ==================================
2021-05-26 18:40:40,335:INFO:Initializing create_model()
2021-05-26 18:40:40,335:INFO:create_model(estimator=gbr, fold=KFold(n_splits=10, random_state=None, shuffle=False), round=4, cross_validation=True, predict=True, fit_kwargs={}, groups=None, refit=False, verbose=False, system=False, metrics=None, display=<pycaret.internal.Display.Display object at 0x00000186DEA67250>, kwargs={})
2021-05-26 18:40:40,335:INFO:Checking exceptions
2021-05-26 18:40:40,335:INFO:Importing libraries
2021-05-26 18:40:40,335:INFO:Copying training dataset
2021-05-26 18:40:40,336:INFO:Defining folds
2021-05-26 18:40:40,336:INFO:Declaring metric variables
2021-05-26 18:40:40,351:INFO:Importing untrained model
2021-05-26 18:40:40,366:INFO:Gradient Boosting Regressor Imported succesfully
2021-05-26 18:40:40,397:INFO:Starting cross validation
2021-05-26 18:40:40,399:INFO:Cross validating with KFold(n_splits=10, random_state=None, shuffle=False), n_jobs=-1
2021-05-26 18:40:41,907:INFO:Calculating mean and std
2021-05-26 18:40:41,909:INFO:Creating metrics dataframe
2021-05-26 18:40:41,917:INFO:Uploading results into container
2021-05-26 18:40:41,918:INFO:Uploading model into container now
2021-05-26 18:40:41,918:INFO:create_model_container: 15
2021-05-26 18:40:41,918:INFO:master_model_container: 15
2021-05-26 18:40:41,918:INFO:display_container: 2
2021-05-26 18:40:41,919:INFO:GradientBoostingRegressor(alpha=0.9, ccp_alpha=0.0, criterion='friedman_mse',
                          init=None, learning_rate=0.1, loss='ls', max_depth=3,
                          max_features=None, max_leaf_nodes=None,
                          min_impurity_decrease=0.0, min_impurity_split=None,
                          min_samples_leaf=1, min_samples_split=2,
                          min_weight_fraction_leaf=0.0, n_estimators=100,
                          n_iter_no_change=None, presort='deprecated',
                          random_state=123, subsample=1.0, tol=0.0001,
                          validation_fraction=0.1, verbose=0, warm_start=False)
2021-05-26 18:40:41,919:INFO:create_model() succesfully completed......................................
2021-05-26 18:40:42,246:INFO:SubProcess create_model() end ==================================
2021-05-26 18:40:42,247:INFO:Creating metrics dataframe
2021-05-26 18:40:42,280:INFO:Initializing Light Gradient Boosting Machine
2021-05-26 18:40:42,280:INFO:Total runtime is 0.8970202962557475 minutes
2021-05-26 18:40:42,297:INFO:SubProcess create_model() called ==================================
2021-05-26 18:40:42,298:INFO:Initializing create_model()
2021-05-26 18:40:42,298:INFO:create_model(estimator=lightgbm, fold=KFold(n_splits=10, random_state=None, shuffle=False), round=4, cross_validation=True, predict=True, fit_kwargs={}, groups=None, refit=False, verbose=False, system=False, metrics=None, display=<pycaret.internal.Display.Display object at 0x00000186DEA67250>, kwargs={})
2021-05-26 18:40:42,298:INFO:Checking exceptions
2021-05-26 18:40:42,299:INFO:Importing libraries
2021-05-26 18:40:42,299:INFO:Copying training dataset
2021-05-26 18:40:42,301:INFO:Defining folds
2021-05-26 18:40:42,301:INFO:Declaring metric variables
2021-05-26 18:40:42,319:INFO:Importing untrained model
2021-05-26 18:40:42,332:INFO:Light Gradient Boosting Machine Imported succesfully
2021-05-26 18:40:42,369:INFO:Starting cross validation
2021-05-26 18:40:42,370:INFO:Cross validating with KFold(n_splits=10, random_state=None, shuffle=False), n_jobs=-1
2021-05-26 18:40:44,232:INFO:Calculating mean and std
2021-05-26 18:40:44,234:INFO:Creating metrics dataframe
2021-05-26 18:40:44,243:INFO:Uploading results into container
2021-05-26 18:40:44,243:INFO:Uploading model into container now
2021-05-26 18:40:44,243:INFO:create_model_container: 16
2021-05-26 18:40:44,243:INFO:master_model_container: 16
2021-05-26 18:40:44,243:INFO:display_container: 2
2021-05-26 18:40:44,245:INFO:LGBMRegressor(boosting_type='gbdt', class_weight=None, colsample_bytree=1.0,
              importance_type='split', learning_rate=0.1, max_depth=-1,
              min_child_samples=20, min_child_weight=0.001, min_split_gain=0.0,
              n_estimators=100, n_jobs=-1, num_leaves=31, objective=None,
              random_state=123, reg_alpha=0.0, reg_lambda=0.0, silent=True,
              subsample=1.0, subsample_for_bin=200000, subsample_freq=0)
2021-05-26 18:40:44,246:INFO:create_model() succesfully completed......................................
2021-05-26 18:40:44,520:WARNING:create_model() for LGBMRegressor(boosting_type='gbdt', class_weight=None, colsample_bytree=1.0,
              importance_type='split', learning_rate=0.1, max_depth=-1,
              min_child_samples=20, min_child_weight=0.001, min_split_gain=0.0,
              n_estimators=100, n_jobs=-1, num_leaves=31, objective=None,
              random_state=123, reg_alpha=0.0, reg_lambda=0.0, silent=True,
              subsample=1.0, subsample_for_bin=200000, subsample_freq=0) raised an exception or returned all 0.0, trying without fit_kwargs:
2021-05-26 18:40:44,521:WARNING:Traceback (most recent call last):
  File "C:\Users\izzyb\Anaconda3\lib\site-packages\pycaret\internal\tabular.py", line 2179, in compare_models
    assert np.sum(model_results.iloc[0]) != 0.0
AssertionError

2021-05-26 18:40:44,523:INFO:Initializing create_model()
2021-05-26 18:40:44,523:INFO:create_model(estimator=LGBMRegressor(boosting_type='gbdt', class_weight=None, colsample_bytree=1.0,
              importance_type='split', learning_rate=0.1, max_depth=-1,
              min_child_samples=20, min_child_weight=0.001, min_split_gain=0.0,
              n_estimators=100, n_jobs=-1, num_leaves=31, objective=None,
              random_state=123, reg_alpha=0.0, reg_lambda=0.0, silent=True,
              subsample=1.0, subsample_for_bin=200000, subsample_freq=0), fold=KFold(n_splits=10, random_state=None, shuffle=False), round=4, cross_validation=True, predict=True, fit_kwargs=None, groups=None, refit=False, verbose=False, system=False, metrics=None, display=<pycaret.internal.Display.Display object at 0x00000186DEA67250>, kwargs={})
2021-05-26 18:40:44,523:INFO:Checking exceptions
2021-05-26 18:40:44,523:INFO:Importing libraries
2021-05-26 18:40:44,523:INFO:Copying training dataset
2021-05-26 18:40:44,524:INFO:Defining folds
2021-05-26 18:40:44,524:INFO:Declaring metric variables
2021-05-26 18:40:44,535:INFO:Importing untrained model
2021-05-26 18:40:44,535:INFO:Declaring custom model
2021-05-26 18:40:44,551:INFO:Light Gradient Boosting Machine Imported succesfully
2021-05-26 18:40:44,575:INFO:Starting cross validation
2021-05-26 18:40:44,578:INFO:Cross validating with KFold(n_splits=10, random_state=None, shuffle=False), n_jobs=-1
2021-05-26 18:40:45,477:INFO:Calculating mean and std
2021-05-26 18:40:45,478:INFO:Creating metrics dataframe
2021-05-26 18:40:45,483:INFO:Uploading results into container
2021-05-26 18:40:45,483:INFO:Uploading model into container now
2021-05-26 18:40:45,483:INFO:create_model_container: 17
2021-05-26 18:40:45,483:INFO:master_model_container: 17
2021-05-26 18:40:45,483:INFO:display_container: 2
2021-05-26 18:40:45,484:INFO:LGBMRegressor(boosting_type='gbdt', class_weight=None, colsample_bytree=1.0,
              importance_type='split', learning_rate=0.1, max_depth=-1,
              min_child_samples=20, min_child_weight=0.001, min_split_gain=0.0,
              n_estimators=100, n_jobs=-1, num_leaves=31, objective=None,
              random_state=123, reg_alpha=0.0, reg_lambda=0.0, silent=True,
              subsample=1.0, subsample_for_bin=200000, subsample_freq=0)
2021-05-26 18:40:45,484:INFO:create_model() succesfully completed......................................
2021-05-26 18:40:45,719:INFO:SubProcess create_model() end ==================================
2021-05-26 18:40:45,719:INFO:Creating metrics dataframe
2021-05-26 18:40:45,772:INFO:Initializing create_model()
2021-05-26 18:40:45,773:INFO:create_model(estimator=ExtraTreesRegressor(bootstrap=False, ccp_alpha=0.0, criterion='mse',
                    max_depth=None, max_features='auto', max_leaf_nodes=None,
                    max_samples=None, min_impurity_decrease=0.0,
                    min_impurity_split=None, min_samples_leaf=1,
                    min_samples_split=2, min_weight_fraction_leaf=0.0,
                    n_estimators=100, n_jobs=-1, oob_score=False,
                    random_state=123, verbose=0, warm_start=False), fold=KFold(n_splits=10, random_state=None, shuffle=False), round=4, cross_validation=False, predict=False, fit_kwargs={}, groups=None, refit=True, verbose=False, system=False, metrics=None, display=None, kwargs={})
2021-05-26 18:40:45,773:INFO:Checking exceptions
2021-05-26 18:40:45,774:INFO:Importing libraries
2021-05-26 18:40:45,776:INFO:Copying training dataset
2021-05-26 18:40:45,777:INFO:Defining folds
2021-05-26 18:40:45,777:INFO:Declaring metric variables
2021-05-26 18:40:45,777:INFO:Importing untrained model
2021-05-26 18:40:45,778:INFO:Declaring custom model
2021-05-26 18:40:45,779:INFO:Extra Trees Regressor Imported succesfully
2021-05-26 18:40:45,779:INFO:Cross validation set to False
2021-05-26 18:40:45,779:INFO:Fitting Model
2021-05-26 18:40:46,095:INFO:ExtraTreesRegressor(bootstrap=False, ccp_alpha=0.0, criterion='mse',
                    max_depth=None, max_features='auto', max_leaf_nodes=None,
                    max_samples=None, min_impurity_decrease=0.0,
                    min_impurity_split=None, min_samples_leaf=1,
                    min_samples_split=2, min_weight_fraction_leaf=0.0,
                    n_estimators=100, n_jobs=-1, oob_score=False,
                    random_state=123, verbose=0, warm_start=False)
2021-05-26 18:40:46,095:INFO:create_models() succesfully completed......................................
2021-05-26 18:40:46,411:INFO:create_model_container: 17
2021-05-26 18:40:46,411:INFO:master_model_container: 17
2021-05-26 18:40:46,411:INFO:display_container: 2
2021-05-26 18:40:46,412:INFO:ExtraTreesRegressor(bootstrap=False, ccp_alpha=0.0, criterion='mse',
                    max_depth=None, max_features='auto', max_leaf_nodes=None,
                    max_samples=None, min_impurity_decrease=0.0,
                    min_impurity_split=None, min_samples_leaf=1,
                    min_samples_split=2, min_weight_fraction_leaf=0.0,
                    n_estimators=100, n_jobs=-1, oob_score=False,
                    random_state=123, verbose=0, warm_start=False)
2021-05-26 18:40:46,412:INFO:compare_models() succesfully completed......................................
2021-05-26 18:42:37,680:INFO:gpu_param set to False
2021-05-26 18:42:37,858:WARNING:Couldn't import xgboost.XGBRegressor
2021-05-26 18:42:37,861:WARNING:Couldn't import catboost.CatBoostRegressor
2021-05-26 18:43:20,564:INFO:Initializing create_model()
2021-05-26 18:43:20,564:INFO:create_model(estimator=ada, fold=None, round=4, cross_validation=True, predict=True, fit_kwargs=None, groups=None, refit=True, verbose=True, system=True, metrics=None, display=None, kwargs={})
2021-05-26 18:43:20,564:INFO:Checking exceptions
2021-05-26 18:43:20,565:INFO:Preparing display monitor
2021-05-26 18:43:20,597:INFO:Importing libraries
2021-05-26 18:43:20,597:INFO:Copying training dataset
2021-05-26 18:43:20,600:INFO:Defining folds
2021-05-26 18:43:20,600:INFO:Declaring metric variables
2021-05-26 18:43:20,619:INFO:Importing untrained model
2021-05-26 18:43:20,641:INFO:AdaBoost Regressor Imported succesfully
2021-05-26 18:43:20,666:INFO:Starting cross validation
2021-05-26 18:43:20,667:INFO:Cross validating with KFold(n_splits=10, random_state=None, shuffle=False), n_jobs=-1
2021-05-26 18:43:21,488:INFO:Calculating mean and std
2021-05-26 18:43:21,490:INFO:Creating metrics dataframe
2021-05-26 18:43:21,509:INFO:Finalizing model
2021-05-26 18:43:21,858:INFO:Uploading results into container
2021-05-26 18:43:21,859:INFO:Uploading model into container now
2021-05-26 18:43:21,884:INFO:create_model_container: 18
2021-05-26 18:43:21,884:INFO:master_model_container: 18
2021-05-26 18:43:21,884:INFO:display_container: 3
2021-05-26 18:43:21,885:INFO:AdaBoostRegressor(base_estimator=None, learning_rate=1.0, loss='linear',
                  n_estimators=50, random_state=123)
2021-05-26 18:43:21,885:INFO:create_model() succesfully completed......................................
2021-05-26 18:46:39,170:INFO:Initializing create_model()
2021-05-26 18:46:39,170:INFO:create_model(estimator=rf, fold=None, round=4, cross_validation=True, predict=True, fit_kwargs=None, groups=None, refit=True, verbose=True, system=True, metrics=None, display=None, kwargs={})
2021-05-26 18:46:39,170:INFO:Checking exceptions
2021-05-26 18:46:39,171:INFO:Preparing display monitor
2021-05-26 18:46:39,207:INFO:Importing libraries
2021-05-26 18:46:39,208:INFO:Copying training dataset
2021-05-26 18:46:39,213:INFO:Defining folds
2021-05-26 18:46:39,213:INFO:Declaring metric variables
2021-05-26 18:46:39,226:INFO:Importing untrained model
2021-05-26 18:46:39,236:INFO:Random Forest Regressor Imported succesfully
2021-05-26 18:46:39,268:INFO:Starting cross validation
2021-05-26 18:46:39,270:INFO:Cross validating with KFold(n_splits=10, random_state=None, shuffle=False), n_jobs=-1
2021-05-26 18:46:42,574:INFO:Calculating mean and std
2021-05-26 18:46:42,576:INFO:Creating metrics dataframe
2021-05-26 18:46:42,595:INFO:Finalizing model
2021-05-26 18:46:43,221:INFO:Uploading results into container
2021-05-26 18:46:43,222:INFO:Uploading model into container now
2021-05-26 18:46:43,242:INFO:create_model_container: 19
2021-05-26 18:46:43,242:INFO:master_model_container: 19
2021-05-26 18:46:43,242:INFO:display_container: 4
2021-05-26 18:46:43,243:INFO:RandomForestRegressor(bootstrap=True, ccp_alpha=0.0, criterion='mse',
                      max_depth=None, max_features='auto', max_leaf_nodes=None,
                      max_samples=None, min_impurity_decrease=0.0,
                      min_impurity_split=None, min_samples_leaf=1,
                      min_samples_split=2, min_weight_fraction_leaf=0.0,
                      n_estimators=100, n_jobs=-1, oob_score=False,
                      random_state=123, verbose=0, warm_start=False)
2021-05-26 18:46:43,243:INFO:create_model() succesfully completed......................................
2021-05-26 18:47:44,141:INFO:Initializing create_model()
2021-05-26 18:47:44,141:INFO:create_model(estimator=lightgbm, fold=None, round=4, cross_validation=True, predict=True, fit_kwargs=None, groups=None, refit=True, verbose=True, system=True, metrics=None, display=None, kwargs={})
2021-05-26 18:47:44,143:INFO:Checking exceptions
2021-05-26 18:47:44,145:INFO:Preparing display monitor
2021-05-26 18:47:44,182:INFO:Importing libraries
2021-05-26 18:47:44,182:INFO:Copying training dataset
2021-05-26 18:47:44,182:INFO:Defining folds
2021-05-26 18:47:44,183:INFO:Declaring metric variables
2021-05-26 18:47:44,196:INFO:Importing untrained model
2021-05-26 18:47:44,210:INFO:Light Gradient Boosting Machine Imported succesfully
2021-05-26 18:47:44,255:INFO:Starting cross validation
2021-05-26 18:47:44,256:INFO:Cross validating with KFold(n_splits=10, random_state=None, shuffle=False), n_jobs=-1
2021-05-26 18:47:49,990:INFO:Calculating mean and std
2021-05-26 18:47:49,995:INFO:Creating metrics dataframe
2021-05-26 18:47:50,025:INFO:Finalizing model
2021-05-26 18:48:02,395:INFO:Initializing create_model()
2021-05-26 18:48:02,395:INFO:create_model(estimator=lightgbm, fold=None, round=4, cross_validation=True, predict=True, fit_kwargs=None, groups=None, refit=True, verbose=True, system=True, metrics=None, display=None, kwargs={})
2021-05-26 18:48:02,395:INFO:Checking exceptions
2021-05-26 18:48:02,396:INFO:Preparing display monitor
2021-05-26 18:48:02,439:INFO:Importing libraries
2021-05-26 18:48:02,440:INFO:Copying training dataset
2021-05-26 18:48:02,442:INFO:Defining folds
2021-05-26 18:48:02,442:INFO:Declaring metric variables
2021-05-26 18:48:02,460:INFO:Importing untrained model
2021-05-26 18:48:02,479:INFO:Light Gradient Boosting Machine Imported succesfully
2021-05-26 18:48:02,522:INFO:Starting cross validation
2021-05-26 18:48:02,523:INFO:Cross validating with KFold(n_splits=10, random_state=None, shuffle=False), n_jobs=-1
2021-05-26 18:48:02,668:INFO:Calculating mean and std
2021-05-26 18:48:02,670:INFO:Creating metrics dataframe
2021-05-26 18:48:02,684:INFO:Finalizing model
2021-05-26 18:55:37,416:INFO:Initializing create_model()
2021-05-26 18:55:37,417:INFO:create_model(estimator=dt, fold=None, round=4, cross_validation=True, predict=True, fit_kwargs=None, groups=None, refit=True, verbose=True, system=True, metrics=None, display=None, kwargs={})
2021-05-26 18:55:37,417:INFO:Checking exceptions
2021-05-26 18:55:37,418:INFO:Preparing display monitor
2021-05-26 18:55:37,450:INFO:Importing libraries
2021-05-26 18:55:37,451:INFO:Copying training dataset
2021-05-26 18:55:37,455:INFO:Defining folds
2021-05-26 18:55:37,455:INFO:Declaring metric variables
2021-05-26 18:55:37,470:INFO:Importing untrained model
2021-05-26 18:55:37,486:INFO:Decision Tree Regressor Imported succesfully
2021-05-26 18:55:37,516:INFO:Starting cross validation
2021-05-26 18:55:37,518:INFO:Cross validating with KFold(n_splits=10, random_state=None, shuffle=False), n_jobs=-1
2021-05-26 18:55:46,681:INFO:Calculating mean and std
2021-05-26 18:55:46,685:INFO:Creating metrics dataframe
2021-05-26 18:55:46,724:INFO:Finalizing model
2021-05-26 18:55:46,786:INFO:Uploading results into container
2021-05-26 18:55:46,787:INFO:Uploading model into container now
2021-05-26 18:55:46,813:INFO:create_model_container: 20
2021-05-26 18:55:46,813:INFO:master_model_container: 20
2021-05-26 18:55:46,813:INFO:display_container: 5
2021-05-26 18:55:46,814:INFO:DecisionTreeRegressor(ccp_alpha=0.0, criterion='mse', max_depth=None,
                      max_features=None, max_leaf_nodes=None,
                      min_impurity_decrease=0.0, min_impurity_split=None,
                      min_samples_leaf=1, min_samples_split=2,
                      min_weight_fraction_leaf=0.0, presort='deprecated',
                      random_state=123, splitter='best')
2021-05-26 18:55:46,814:INFO:create_model() succesfully completed......................................
2021-05-26 18:56:38,443:INFO:Initializing tune_model()
2021-05-26 18:56:38,444:INFO:tune_model(estimator=AdaBoostRegressor(base_estimator=None, learning_rate=1.0, loss='linear',
                  n_estimators=50, random_state=123), fold=None, round=4, n_iter=10, custom_grid=None, optimize=R2, custom_scorer=None, search_library=scikit-learn, search_algorithm=None, early_stopping=False, early_stopping_max_iters=10, choose_better=False, fit_kwargs=None, groups=None, return_tuner=False, verbose=True, tuner_verbose=True, display=None, kwargs={})
2021-05-26 18:56:38,444:INFO:Checking exceptions
2021-05-26 18:56:38,444:INFO:Preparing display monitor
2021-05-26 18:56:38,478:INFO:Copying training dataset
2021-05-26 18:56:38,481:INFO:Checking base model
2021-05-26 18:56:38,481:INFO:Base model : AdaBoost Regressor
2021-05-26 18:56:38,495:INFO:Declaring metric variables
2021-05-26 18:56:38,516:INFO:Defining Hyperparameters
2021-05-26 18:56:38,914:INFO:Tuning with n_jobs=-1
2021-05-26 18:56:38,915:INFO:Initializing RandomizedSearchCV
2021-05-26 18:57:01,462:INFO:best_params: {'actual_estimator__n_estimators': 80, 'actual_estimator__loss': 'exponential', 'actual_estimator__learning_rate': 0.4}
2021-05-26 18:57:01,463:INFO:Hyperparameter search completed
2021-05-26 18:57:01,463:INFO:SubProcess create_model() called ==================================
2021-05-26 18:57:01,464:INFO:Initializing create_model()
2021-05-26 18:57:01,464:INFO:create_model(estimator=AdaBoostRegressor(base_estimator=None, learning_rate=1.0, loss='linear',
                  n_estimators=50, random_state=123), fold=KFold(n_splits=10, random_state=None, shuffle=False), round=4, cross_validation=True, predict=True, fit_kwargs={}, groups=None, refit=True, verbose=True, system=False, metrics=None, display=<pycaret.internal.Display.Display object at 0x00000186E2272820>, kwargs={'n_estimators': 80, 'loss': 'exponential', 'learning_rate': 0.4})
2021-05-26 18:57:01,464:INFO:Checking exceptions
2021-05-26 18:57:01,465:INFO:Importing libraries
2021-05-26 18:57:01,465:INFO:Copying training dataset
2021-05-26 18:57:01,466:INFO:Defining folds
2021-05-26 18:57:01,466:INFO:Declaring metric variables
2021-05-26 18:57:01,481:INFO:Importing untrained model
2021-05-26 18:57:01,482:INFO:Declaring custom model
2021-05-26 18:57:01,494:INFO:AdaBoost Regressor Imported succesfully
2021-05-26 18:57:01,523:INFO:Starting cross validation
2021-05-26 18:57:01,525:INFO:Cross validating with KFold(n_splits=10, random_state=None, shuffle=False), n_jobs=-1
2021-05-26 18:57:02,916:INFO:Calculating mean and std
2021-05-26 18:57:02,917:INFO:Creating metrics dataframe
2021-05-26 18:57:02,934:INFO:Finalizing model
2021-05-26 18:57:03,786:INFO:Uploading results into container
2021-05-26 18:57:03,787:INFO:Uploading model into container now
2021-05-26 18:57:03,787:INFO:create_model_container: 21
2021-05-26 18:57:03,787:INFO:master_model_container: 21
2021-05-26 18:57:03,787:INFO:display_container: 6
2021-05-26 18:57:03,787:INFO:AdaBoostRegressor(base_estimator=None, learning_rate=0.4, loss='exponential',
                  n_estimators=80, random_state=123)
2021-05-26 18:57:03,787:INFO:create_model() succesfully completed......................................
2021-05-26 18:57:04,142:INFO:SubProcess create_model() end ==================================
2021-05-26 18:57:04,169:INFO:create_model_container: 21
2021-05-26 18:57:04,170:INFO:master_model_container: 21
2021-05-26 18:57:04,170:INFO:display_container: 6
2021-05-26 18:57:04,170:INFO:AdaBoostRegressor(base_estimator=None, learning_rate=0.4, loss='exponential',
                  n_estimators=80, random_state=123)
2021-05-26 18:57:04,170:INFO:tune_model() succesfully completed......................................
2021-05-26 19:24:32,825:INFO:PyCaret Supervised Module
2021-05-26 19:24:32,826:INFO:ML Usecase: regression
2021-05-26 19:24:32,826:INFO:version 2.3.1
2021-05-26 19:24:32,826:INFO:Initializing setup()
2021-05-26 19:24:32,826:INFO:setup(target=quality, ml_usecase=regression, available_plots={'parameter': 'Hyperparameters', 'residuals': 'Residuals', 'error': 'Prediction Error', 'cooks': 'Cooks Distance', 'rfe': 'Feature Selection', 'learning': 'Learning Curve', 'manifold': 'Manifold Learning', 'vc': 'Validation Curve', 'feature': 'Feature Importance', 'feature_all': 'Feature Importance (All)', 'tree': 'Decision Tree', 'residuals_interactive': 'Interactive Residuals'}, train_size=0.7, test_data=None, preprocess=True, imputation_type=simple, iterative_imputation_iters=5, categorical_features=None, categorical_imputation=constant, categorical_iterative_imputer=lightgbm, ordinal_features=None, high_cardinality_features=None, high_cardinality_method=frequency, numeric_features=None, numeric_imputation=mean, numeric_iterative_imputer=lightgbm, date_features=None, ignore_features=None, normalize=True, normalize_method=zscore, transformation=False, transformation_method=yeo-johnson, handle_unknown_categorical=True, unknown_categorical_method=least_frequent, pca=False, pca_method=linear, pca_components=None, ignore_low_variance=False, combine_rare_levels=False, rare_level_threshold=0.1, bin_numeric_features=None, remove_outliers=False, outliers_threshold=0.05, remove_multicollinearity=False, multicollinearity_threshold=0.9, remove_perfect_collinearity=True, create_clusters=False, cluster_iter=20, polynomial_features=False, polynomial_degree=2, trigonometry_features=False, polynomial_threshold=0.1, group_features=None, group_names=None, feature_selection=False, feature_selection_threshold=0.8, feature_selection_method=classic, feature_interaction=False, feature_ratio=False, interaction_threshold=0.01, fix_imbalance=False, fix_imbalance_method=None, transform_target=False, transform_target_method=box-cox, data_split_shuffle=True, data_split_stratify=False, fold_strategy=kfold, fold=10, fold_shuffle=False, fold_groups=None, n_jobs=-1, use_gpu=False, custom_pipeline=None, html=True, session_id=123, log_experiment=False, experiment_name=None, log_plots=False, log_profile=False, log_data=False, silent=False, verbose=True, profile=False, profile_kwargs=None, display=None)
2021-05-26 19:24:32,826:INFO:Checking environment
2021-05-26 19:24:32,826:INFO:python_version: 3.8.5
2021-05-26 19:24:32,826:INFO:python_build: ('default', 'Sep  3 2020 21:29:08')
2021-05-26 19:24:32,827:INFO:machine: AMD64
2021-05-26 19:24:32,827:INFO:platform: Windows-10-10.0.19041-SP0
2021-05-26 19:24:32,827:INFO:Memory: svmem(total=16929988608, available=6041833472, percent=64.3, used=10888155136, free=6041833472)
2021-05-26 19:24:32,827:INFO:Physical Core: 6
2021-05-26 19:24:32,828:INFO:Logical Core: 12
2021-05-26 19:24:32,828:INFO:Checking libraries
2021-05-26 19:24:32,828:INFO:pd==1.1.3
2021-05-26 19:24:32,829:INFO:numpy==1.19.5
2021-05-26 19:24:32,829:INFO:sklearn==0.23.2
2021-05-26 19:24:32,829:INFO:lightgbm==3.2.1
2021-05-26 19:24:32,830:WARNING:catboost not found
2021-05-26 19:24:32,831:WARNING:xgboost not found
2021-05-26 19:24:33,561:INFO:mlflow==1.17.0
2021-05-26 19:24:33,563:INFO:Checking Exceptions
2021-05-26 19:24:33,564:INFO:Declaring global variables
2021-05-26 19:24:33,564:INFO:USI: 7538
2021-05-26 19:24:33,564:INFO:pycaret_globals: {'transform_target_method_param', 'fold_generator', 'transform_target_param', 'y_test', 'log_plots_param', 'USI', 'X_train', 'logging_param', 'fold_shuffle_param', 'n_jobs_param', 'prep_pipe', '_all_models', 'seed', '_all_models_internal', 'imputation_regressor', 'fix_imbalance_method_param', 'iterative_imputation_iters_param', 'pycaret_globals', '_ml_usecase', 'fold_groups_param_full', 'gpu_param', 'fold_groups_param', 'master_model_container', 'html_param', 'experiment__', 'stratify_param', 'target_param', 'X_test', 'y_train', 'fold_param', '_gpu_n_jobs_param', 'y', 'imputation_classifier', 'X', '_all_metrics', 'create_model_container', '_available_plots', 'exp_name_log', 'fix_imbalance_param', 'display_container', '_internal_pipeline', 'data_before_preprocess'}
2021-05-26 19:24:33,564:INFO:Preparing display monitor
2021-05-26 19:24:33,565:INFO:Preparing display monitor
2021-05-26 19:24:33,585:INFO:Importing libraries
2021-05-26 19:24:33,585:INFO:Copying data for preprocessing
2021-05-26 19:24:33,595:INFO:Declaring preprocessing parameters
2021-05-26 19:24:33,596:INFO:Creating preprocessing pipeline
2021-05-26 19:24:33,607:INFO:Preprocessing pipeline created successfully
2021-05-26 19:24:33,607:ERROR:(Process Exit): setup has been interupted with user command 'quit'. setup must rerun.
2021-05-26 19:24:33,607:INFO:Creating global containers
2021-05-26 19:24:33,611:INFO:Internal pipeline: Pipeline(memory=None, steps=[('empty_step', 'passthrough')], verbose=False)
2021-05-26 19:24:36,442:WARNING:Couldn't import xgboost.XGBRegressor
2021-05-26 19:24:36,444:WARNING:Couldn't import catboost.CatBoostRegressor
2021-05-26 19:24:36,610:WARNING:Couldn't import xgboost.XGBRegressor
2021-05-26 19:24:36,612:WARNING:Couldn't import catboost.CatBoostRegressor
2021-05-26 19:24:36,612:INFO:Creating grid variables
2021-05-26 19:24:36,649:INFO:create_model_container: 0
2021-05-26 19:24:36,650:INFO:master_model_container: 0
2021-05-26 19:24:36,651:INFO:display_container: 1
2021-05-26 19:24:36,662:INFO:Pipeline(memory=None,
         steps=[('dtypes',
                 DataTypes_Auto_infer(categorical_features=[],
                                      display_types=True, features_todrop=[],
                                      id_columns=[], ml_usecase='regression',
                                      numerical_features=[], target='quality',
                                      time_features=[])),
                ('imputer',
                 Simple_Imputer(categorical_strategy='not_available',
                                fill_value_categorical=None,
                                fill_value_numerical=None,
                                numeric_strategy...
                ('P_transform', 'passthrough'), ('binn', 'passthrough'),
                ('rem_outliers', 'passthrough'), ('cluster_all', 'passthrough'),
                ('dummy', Dummify(target='quality')),
                ('fix_perfect', Remove_100(target='quality')),
                ('clean_names', Clean_Colum_Names()),
                ('feature_select', 'passthrough'), ('fix_multi', 'passthrough'),
                ('dfs', 'passthrough'), ('pca', 'passthrough')],
         verbose=False)
2021-05-26 19:24:36,662:INFO:setup() succesfully completed......................................
2021-05-26 19:25:05,746:INFO:Initializing compare_models()
2021-05-26 19:25:05,747:INFO:compare_models(include=None, fold=None, round=4, cross_validation=True, sort=R2, n_select=1, budget_time=None, turbo=True, errors=ignore, fit_kwargs=None, groups=None, verbose=True, display=None, exclude=['ransac'])
2021-05-26 19:25:05,748:INFO:Checking exceptions
2021-05-26 19:25:05,748:INFO:Preparing display monitor
2021-05-26 19:25:05,748:INFO:Preparing display monitor
2021-05-26 19:25:05,805:INFO:Initializing Linear Regression
2021-05-26 19:25:05,805:INFO:Total runtime is 0.0 minutes
2021-05-26 19:25:05,818:INFO:SubProcess create_model() called ==================================
2021-05-26 19:25:05,820:INFO:Initializing create_model()
2021-05-26 19:25:05,820:INFO:create_model(estimator=lr, fold=KFold(n_splits=10, random_state=None, shuffle=False), round=4, cross_validation=True, predict=True, fit_kwargs={}, groups=None, refit=False, verbose=False, system=False, metrics=None, display=<pycaret.internal.Display.Display object at 0x000001612C034280>, kwargs={})
2021-05-26 19:25:05,822:INFO:Checking exceptions
2021-05-26 19:25:05,823:INFO:Importing libraries
2021-05-26 19:25:05,823:INFO:Copying training dataset
2021-05-26 19:25:05,825:INFO:Defining folds
2021-05-26 19:25:05,825:INFO:Declaring metric variables
2021-05-26 19:25:05,835:INFO:Importing untrained model
2021-05-26 19:25:05,867:INFO:Linear Regression Imported succesfully
2021-05-26 19:25:05,905:INFO:Starting cross validation
2021-05-26 19:25:05,913:INFO:Cross validating with KFold(n_splits=10, random_state=None, shuffle=False), n_jobs=-1
2021-05-26 19:25:14,939:INFO:Calculating mean and std
2021-05-26 19:25:14,943:INFO:Creating metrics dataframe
2021-05-26 19:25:14,962:INFO:Uploading results into container
2021-05-26 19:25:14,966:INFO:Uploading model into container now
2021-05-26 19:25:14,968:INFO:create_model_container: 1
2021-05-26 19:25:14,971:INFO:master_model_container: 1
2021-05-26 19:25:14,973:INFO:display_container: 2
2021-05-26 19:25:14,976:INFO:LinearRegression(copy_X=True, fit_intercept=True, n_jobs=-1, normalize=False)
2021-05-26 19:25:14,978:INFO:create_model() succesfully completed......................................
2021-05-26 19:25:15,355:INFO:SubProcess create_model() end ==================================
2021-05-26 19:25:15,355:INFO:Creating metrics dataframe
2021-05-26 19:25:15,375:INFO:Initializing Lasso Regression
2021-05-26 19:25:15,375:INFO:Total runtime is 0.15949344635009766 minutes
2021-05-26 19:25:15,390:INFO:SubProcess create_model() called ==================================
2021-05-26 19:25:15,391:INFO:Initializing create_model()
2021-05-26 19:25:15,391:INFO:create_model(estimator=lasso, fold=KFold(n_splits=10, random_state=None, shuffle=False), round=4, cross_validation=True, predict=True, fit_kwargs={}, groups=None, refit=False, verbose=False, system=False, metrics=None, display=<pycaret.internal.Display.Display object at 0x000001612C034280>, kwargs={})
2021-05-26 19:25:15,392:INFO:Checking exceptions
2021-05-26 19:25:15,392:INFO:Importing libraries
2021-05-26 19:25:15,392:INFO:Copying training dataset
2021-05-26 19:25:15,393:INFO:Defining folds
2021-05-26 19:25:15,393:INFO:Declaring metric variables
2021-05-26 19:25:15,406:INFO:Importing untrained model
2021-05-26 19:25:15,417:INFO:Lasso Regression Imported succesfully
2021-05-26 19:25:15,469:INFO:Starting cross validation
2021-05-26 19:25:15,472:INFO:Cross validating with KFold(n_splits=10, random_state=None, shuffle=False), n_jobs=-1
2021-05-26 19:25:20,112:INFO:Calculating mean and std
2021-05-26 19:25:20,114:INFO:Creating metrics dataframe
2021-05-26 19:25:20,125:INFO:Uploading results into container
2021-05-26 19:25:20,126:INFO:Uploading model into container now
2021-05-26 19:25:20,126:INFO:create_model_container: 2
2021-05-26 19:25:20,126:INFO:master_model_container: 2
2021-05-26 19:25:20,126:INFO:display_container: 2
2021-05-26 19:25:20,127:INFO:Lasso(alpha=1.0, copy_X=True, fit_intercept=True, max_iter=1000,
      normalize=False, positive=False, precompute=False, random_state=123,
      selection='cyclic', tol=0.0001, warm_start=False)
2021-05-26 19:25:20,127:INFO:create_model() succesfully completed......................................
2021-05-26 19:25:20,598:INFO:SubProcess create_model() end ==================================
2021-05-26 19:25:20,600:INFO:Creating metrics dataframe
2021-05-26 19:25:20,628:INFO:Initializing Ridge Regression
2021-05-26 19:25:20,628:INFO:Total runtime is 0.2470436890920003 minutes
2021-05-26 19:25:20,649:INFO:SubProcess create_model() called ==================================
2021-05-26 19:25:20,650:INFO:Initializing create_model()
2021-05-26 19:25:20,650:INFO:create_model(estimator=ridge, fold=KFold(n_splits=10, random_state=None, shuffle=False), round=4, cross_validation=True, predict=True, fit_kwargs={}, groups=None, refit=False, verbose=False, system=False, metrics=None, display=<pycaret.internal.Display.Display object at 0x000001612C034280>, kwargs={})
2021-05-26 19:25:20,650:INFO:Checking exceptions
2021-05-26 19:25:20,650:INFO:Importing libraries
2021-05-26 19:25:20,651:INFO:Copying training dataset
2021-05-26 19:25:20,654:INFO:Defining folds
2021-05-26 19:25:20,655:INFO:Declaring metric variables
2021-05-26 19:25:20,667:INFO:Importing untrained model
2021-05-26 19:25:20,684:INFO:Ridge Regression Imported succesfully
2021-05-26 19:25:20,735:INFO:Starting cross validation
2021-05-26 19:25:20,736:INFO:Cross validating with KFold(n_splits=10, random_state=None, shuffle=False), n_jobs=-1
2021-05-26 19:25:20,878:INFO:Calculating mean and std
2021-05-26 19:25:20,880:INFO:Creating metrics dataframe
2021-05-26 19:25:20,891:INFO:Uploading results into container
2021-05-26 19:25:20,891:INFO:Uploading model into container now
2021-05-26 19:25:20,891:INFO:create_model_container: 3
2021-05-26 19:25:20,891:INFO:master_model_container: 3
2021-05-26 19:25:20,891:INFO:display_container: 2
2021-05-26 19:25:20,892:INFO:Ridge(alpha=1.0, copy_X=True, fit_intercept=True, max_iter=None,
      normalize=False, random_state=123, solver='auto', tol=0.001)
2021-05-26 19:25:20,892:INFO:create_model() succesfully completed......................................
2021-05-26 19:25:21,541:INFO:SubProcess create_model() end ==================================
2021-05-26 19:25:21,542:INFO:Creating metrics dataframe
2021-05-26 19:25:21,586:INFO:Initializing Elastic Net
2021-05-26 19:25:21,587:INFO:Total runtime is 0.26302102009455364 minutes
2021-05-26 19:25:21,614:INFO:SubProcess create_model() called ==================================
2021-05-26 19:25:21,615:INFO:Initializing create_model()
2021-05-26 19:25:21,615:INFO:create_model(estimator=en, fold=KFold(n_splits=10, random_state=None, shuffle=False), round=4, cross_validation=True, predict=True, fit_kwargs={}, groups=None, refit=False, verbose=False, system=False, metrics=None, display=<pycaret.internal.Display.Display object at 0x000001612C034280>, kwargs={})
2021-05-26 19:25:21,615:INFO:Checking exceptions
2021-05-26 19:25:21,615:INFO:Importing libraries
2021-05-26 19:25:21,615:INFO:Copying training dataset
2021-05-26 19:25:21,617:INFO:Defining folds
2021-05-26 19:25:21,617:INFO:Declaring metric variables
2021-05-26 19:25:21,636:INFO:Importing untrained model
2021-05-26 19:25:21,665:INFO:Elastic Net Imported succesfully
2021-05-26 19:25:21,700:INFO:Starting cross validation
2021-05-26 19:25:21,701:INFO:Cross validating with KFold(n_splits=10, random_state=None, shuffle=False), n_jobs=-1
2021-05-26 19:25:21,832:INFO:Calculating mean and std
2021-05-26 19:25:21,833:INFO:Creating metrics dataframe
2021-05-26 19:25:21,837:INFO:Uploading results into container
2021-05-26 19:25:21,838:INFO:Uploading model into container now
2021-05-26 19:25:21,838:INFO:create_model_container: 4
2021-05-26 19:25:21,838:INFO:master_model_container: 4
2021-05-26 19:25:21,838:INFO:display_container: 2
2021-05-26 19:25:21,839:INFO:ElasticNet(alpha=1.0, copy_X=True, fit_intercept=True, l1_ratio=0.5,
           max_iter=1000, normalize=False, positive=False, precompute=False,
           random_state=123, selection='cyclic', tol=0.0001, warm_start=False)
2021-05-26 19:25:21,839:INFO:create_model() succesfully completed......................................
2021-05-26 19:25:22,357:INFO:SubProcess create_model() end ==================================
2021-05-26 19:25:22,357:INFO:Creating metrics dataframe
2021-05-26 19:25:22,384:INFO:Initializing Least Angle Regression
2021-05-26 19:25:22,384:INFO:Total runtime is 0.2763135552406311 minutes
2021-05-26 19:25:22,401:INFO:SubProcess create_model() called ==================================
2021-05-26 19:25:22,402:INFO:Initializing create_model()
2021-05-26 19:25:22,402:INFO:create_model(estimator=lar, fold=KFold(n_splits=10, random_state=None, shuffle=False), round=4, cross_validation=True, predict=True, fit_kwargs={}, groups=None, refit=False, verbose=False, system=False, metrics=None, display=<pycaret.internal.Display.Display object at 0x000001612C034280>, kwargs={})
2021-05-26 19:25:22,402:INFO:Checking exceptions
2021-05-26 19:25:22,402:INFO:Importing libraries
2021-05-26 19:25:22,403:INFO:Copying training dataset
2021-05-26 19:25:22,404:INFO:Defining folds
2021-05-26 19:25:22,404:INFO:Declaring metric variables
2021-05-26 19:25:22,422:INFO:Importing untrained model
2021-05-26 19:25:22,429:INFO:Least Angle Regression Imported succesfully
2021-05-26 19:25:22,451:INFO:Starting cross validation
2021-05-26 19:25:22,452:INFO:Cross validating with KFold(n_splits=10, random_state=None, shuffle=False), n_jobs=-1
2021-05-26 19:25:22,647:INFO:Calculating mean and std
2021-05-26 19:25:22,648:INFO:Creating metrics dataframe
2021-05-26 19:25:22,662:INFO:Uploading results into container
2021-05-26 19:25:22,662:INFO:Uploading model into container now
2021-05-26 19:25:22,663:INFO:create_model_container: 5
2021-05-26 19:25:22,663:INFO:master_model_container: 5
2021-05-26 19:25:22,663:INFO:display_container: 2
2021-05-26 19:25:22,665:INFO:Lars(copy_X=True, eps=2.220446049250313e-16, fit_intercept=True, fit_path=True,
     jitter=None, n_nonzero_coefs=500, normalize=True, precompute='auto',
     random_state=123, verbose=False)
2021-05-26 19:25:22,665:INFO:create_model() succesfully completed......................................
2021-05-26 19:25:23,134:INFO:SubProcess create_model() end ==================================
2021-05-26 19:25:23,134:INFO:Creating metrics dataframe
2021-05-26 19:25:23,170:INFO:Initializing Lasso Least Angle Regression
2021-05-26 19:25:23,170:INFO:Total runtime is 0.2894123077392578 minutes
2021-05-26 19:25:23,190:INFO:SubProcess create_model() called ==================================
2021-05-26 19:25:23,191:INFO:Initializing create_model()
2021-05-26 19:25:23,191:INFO:create_model(estimator=llar, fold=KFold(n_splits=10, random_state=None, shuffle=False), round=4, cross_validation=True, predict=True, fit_kwargs={}, groups=None, refit=False, verbose=False, system=False, metrics=None, display=<pycaret.internal.Display.Display object at 0x000001612C034280>, kwargs={})
2021-05-26 19:25:23,191:INFO:Checking exceptions
2021-05-26 19:25:23,191:INFO:Importing libraries
2021-05-26 19:25:23,191:INFO:Copying training dataset
2021-05-26 19:25:23,192:INFO:Defining folds
2021-05-26 19:25:23,193:INFO:Declaring metric variables
2021-05-26 19:25:23,208:INFO:Importing untrained model
2021-05-26 19:25:23,219:INFO:Lasso Least Angle Regression Imported succesfully
2021-05-26 19:25:23,249:INFO:Starting cross validation
2021-05-26 19:25:23,251:INFO:Cross validating with KFold(n_splits=10, random_state=None, shuffle=False), n_jobs=-1
2021-05-26 19:25:23,406:INFO:Calculating mean and std
2021-05-26 19:25:23,407:INFO:Creating metrics dataframe
2021-05-26 19:25:23,419:INFO:Uploading results into container
2021-05-26 19:25:23,420:INFO:Uploading model into container now
2021-05-26 19:25:23,420:INFO:create_model_container: 6
2021-05-26 19:25:23,420:INFO:master_model_container: 6
2021-05-26 19:25:23,420:INFO:display_container: 2
2021-05-26 19:25:23,421:INFO:LassoLars(alpha=1.0, copy_X=True, eps=2.220446049250313e-16, fit_intercept=True,
          fit_path=True, jitter=None, max_iter=500, normalize=True,
          positive=False, precompute='auto', random_state=123, verbose=False)
2021-05-26 19:25:23,421:INFO:create_model() succesfully completed......................................
2021-05-26 19:25:23,813:INFO:SubProcess create_model() end ==================================
2021-05-26 19:25:23,814:INFO:Creating metrics dataframe
2021-05-26 19:25:23,844:INFO:Initializing Orthogonal Matching Pursuit
2021-05-26 19:25:23,845:INFO:Total runtime is 0.30064430236816403 minutes
2021-05-26 19:25:23,863:INFO:SubProcess create_model() called ==================================
2021-05-26 19:25:23,864:INFO:Initializing create_model()
2021-05-26 19:25:23,864:INFO:create_model(estimator=omp, fold=KFold(n_splits=10, random_state=None, shuffle=False), round=4, cross_validation=True, predict=True, fit_kwargs={}, groups=None, refit=False, verbose=False, system=False, metrics=None, display=<pycaret.internal.Display.Display object at 0x000001612C034280>, kwargs={})
2021-05-26 19:25:23,864:INFO:Checking exceptions
2021-05-26 19:25:23,864:INFO:Importing libraries
2021-05-26 19:25:23,864:INFO:Copying training dataset
2021-05-26 19:25:23,865:INFO:Defining folds
2021-05-26 19:25:23,865:INFO:Declaring metric variables
2021-05-26 19:25:23,875:INFO:Importing untrained model
2021-05-26 19:25:23,890:INFO:Orthogonal Matching Pursuit Imported succesfully
2021-05-26 19:25:23,915:INFO:Starting cross validation
2021-05-26 19:25:23,916:INFO:Cross validating with KFold(n_splits=10, random_state=None, shuffle=False), n_jobs=-1
2021-05-26 19:25:24,041:INFO:Calculating mean and std
2021-05-26 19:25:24,043:INFO:Creating metrics dataframe
2021-05-26 19:25:24,049:INFO:Uploading results into container
2021-05-26 19:25:24,050:INFO:Uploading model into container now
2021-05-26 19:25:24,051:INFO:create_model_container: 7
2021-05-26 19:25:24,052:INFO:master_model_container: 7
2021-05-26 19:25:24,052:INFO:display_container: 2
2021-05-26 19:25:24,053:INFO:OrthogonalMatchingPursuit(fit_intercept=True, n_nonzero_coefs=None,
                          normalize=True, precompute='auto', tol=None)
2021-05-26 19:25:24,053:INFO:create_model() succesfully completed......................................
2021-05-26 19:25:24,545:INFO:SubProcess create_model() end ==================================
2021-05-26 19:25:24,545:INFO:Creating metrics dataframe
2021-05-26 19:25:24,626:INFO:Initializing Bayesian Ridge
2021-05-26 19:25:24,627:INFO:Total runtime is 0.31369911432266234 minutes
2021-05-26 19:25:24,647:INFO:SubProcess create_model() called ==================================
2021-05-26 19:25:24,649:INFO:Initializing create_model()
2021-05-26 19:25:24,651:INFO:create_model(estimator=br, fold=KFold(n_splits=10, random_state=None, shuffle=False), round=4, cross_validation=True, predict=True, fit_kwargs={}, groups=None, refit=False, verbose=False, system=False, metrics=None, display=<pycaret.internal.Display.Display object at 0x000001612C034280>, kwargs={})
2021-05-26 19:25:24,651:INFO:Checking exceptions
2021-05-26 19:25:24,651:INFO:Importing libraries
2021-05-26 19:25:24,651:INFO:Copying training dataset
2021-05-26 19:25:24,654:INFO:Defining folds
2021-05-26 19:25:24,654:INFO:Declaring metric variables
2021-05-26 19:25:24,675:INFO:Importing untrained model
2021-05-26 19:25:24,691:INFO:Bayesian Ridge Imported succesfully
2021-05-26 19:25:24,726:INFO:Starting cross validation
2021-05-26 19:25:24,727:INFO:Cross validating with KFold(n_splits=10, random_state=None, shuffle=False), n_jobs=-1
2021-05-26 19:25:24,933:INFO:Calculating mean and std
2021-05-26 19:25:24,937:INFO:Creating metrics dataframe
2021-05-26 19:25:24,947:INFO:Uploading results into container
2021-05-26 19:25:24,947:INFO:Uploading model into container now
2021-05-26 19:25:24,947:INFO:create_model_container: 8
2021-05-26 19:25:24,947:INFO:master_model_container: 8
2021-05-26 19:25:24,948:INFO:display_container: 2
2021-05-26 19:25:24,948:INFO:BayesianRidge(alpha_1=1e-06, alpha_2=1e-06, alpha_init=None,
              compute_score=False, copy_X=True, fit_intercept=True,
              lambda_1=1e-06, lambda_2=1e-06, lambda_init=None, n_iter=300,
              normalize=False, tol=0.001, verbose=False)
2021-05-26 19:25:24,948:INFO:create_model() succesfully completed......................................
2021-05-26 19:25:25,868:INFO:SubProcess create_model() end ==================================
2021-05-26 19:25:25,868:INFO:Creating metrics dataframe
2021-05-26 19:25:25,911:INFO:Initializing Passive Aggressive Regressor
2021-05-26 19:25:25,911:INFO:Total runtime is 0.33509695529937744 minutes
2021-05-26 19:25:25,959:INFO:SubProcess create_model() called ==================================
2021-05-26 19:25:25,962:INFO:Initializing create_model()
2021-05-26 19:25:25,962:INFO:create_model(estimator=par, fold=KFold(n_splits=10, random_state=None, shuffle=False), round=4, cross_validation=True, predict=True, fit_kwargs={}, groups=None, refit=False, verbose=False, system=False, metrics=None, display=<pycaret.internal.Display.Display object at 0x000001612C034280>, kwargs={})
2021-05-26 19:25:25,972:INFO:Checking exceptions
2021-05-26 19:25:25,973:INFO:Importing libraries
2021-05-26 19:25:25,973:INFO:Copying training dataset
2021-05-26 19:25:25,983:INFO:Defining folds
2021-05-26 19:25:25,985:INFO:Declaring metric variables
2021-05-26 19:25:26,055:INFO:Importing untrained model
2021-05-26 19:25:26,192:INFO:Passive Aggressive Regressor Imported succesfully
2021-05-26 19:25:26,357:INFO:Starting cross validation
2021-05-26 19:25:26,359:INFO:Cross validating with KFold(n_splits=10, random_state=None, shuffle=False), n_jobs=-1
2021-05-26 19:25:26,690:INFO:Calculating mean and std
2021-05-26 19:25:26,695:INFO:Creating metrics dataframe
2021-05-26 19:25:26,709:INFO:Uploading results into container
2021-05-26 19:25:26,710:INFO:Uploading model into container now
2021-05-26 19:25:26,710:INFO:create_model_container: 9
2021-05-26 19:25:26,710:INFO:master_model_container: 9
2021-05-26 19:25:26,710:INFO:display_container: 2
2021-05-26 19:25:26,712:INFO:PassiveAggressiveRegressor(C=1.0, average=False, early_stopping=False,
                           epsilon=0.1, fit_intercept=True,
                           loss='epsilon_insensitive', max_iter=1000,
                           n_iter_no_change=5, random_state=123, shuffle=True,
                           tol=0.001, validation_fraction=0.1, verbose=0,
                           warm_start=False)
2021-05-26 19:25:26,713:INFO:create_model() succesfully completed......................................
2021-05-26 19:25:27,361:INFO:SubProcess create_model() end ==================================
2021-05-26 19:25:27,361:INFO:Creating metrics dataframe
2021-05-26 19:25:27,426:INFO:Initializing Huber Regressor
2021-05-26 19:25:27,427:INFO:Total runtime is 0.3603675921758016 minutes
2021-05-26 19:25:27,457:INFO:SubProcess create_model() called ==================================
2021-05-26 19:25:27,458:INFO:Initializing create_model()
2021-05-26 19:25:27,458:INFO:create_model(estimator=huber, fold=KFold(n_splits=10, random_state=None, shuffle=False), round=4, cross_validation=True, predict=True, fit_kwargs={}, groups=None, refit=False, verbose=False, system=False, metrics=None, display=<pycaret.internal.Display.Display object at 0x000001612C034280>, kwargs={})
2021-05-26 19:25:27,458:INFO:Checking exceptions
2021-05-26 19:25:27,458:INFO:Importing libraries
2021-05-26 19:25:27,459:INFO:Copying training dataset
2021-05-26 19:25:27,462:INFO:Defining folds
2021-05-26 19:25:27,464:INFO:Declaring metric variables
2021-05-26 19:25:27,495:INFO:Importing untrained model
2021-05-26 19:25:27,513:INFO:Huber Regressor Imported succesfully
2021-05-26 19:25:27,571:INFO:Starting cross validation
2021-05-26 19:25:27,572:INFO:Cross validating with KFold(n_splits=10, random_state=None, shuffle=False), n_jobs=-1
2021-05-26 19:25:27,936:INFO:Calculating mean and std
2021-05-26 19:25:27,937:INFO:Creating metrics dataframe
2021-05-26 19:25:27,972:INFO:Uploading results into container
2021-05-26 19:25:27,975:INFO:Uploading model into container now
2021-05-26 19:25:27,976:INFO:create_model_container: 10
2021-05-26 19:25:27,976:INFO:master_model_container: 10
2021-05-26 19:25:27,976:INFO:display_container: 2
2021-05-26 19:25:27,977:INFO:HuberRegressor(alpha=0.0001, epsilon=1.35, fit_intercept=True, max_iter=100,
               tol=1e-05, warm_start=False)
2021-05-26 19:25:27,977:INFO:create_model() succesfully completed......................................
2021-05-26 19:25:28,572:INFO:SubProcess create_model() end ==================================
2021-05-26 19:25:28,573:INFO:Creating metrics dataframe
2021-05-26 19:25:28,621:INFO:Initializing K Neighbors Regressor
2021-05-26 19:25:28,622:INFO:Total runtime is 0.380280605951945 minutes
2021-05-26 19:25:28,642:INFO:SubProcess create_model() called ==================================
2021-05-26 19:25:28,642:INFO:Initializing create_model()
2021-05-26 19:25:28,642:INFO:create_model(estimator=knn, fold=KFold(n_splits=10, random_state=None, shuffle=False), round=4, cross_validation=True, predict=True, fit_kwargs={}, groups=None, refit=False, verbose=False, system=False, metrics=None, display=<pycaret.internal.Display.Display object at 0x000001612C034280>, kwargs={})
2021-05-26 19:25:28,643:INFO:Checking exceptions
2021-05-26 19:25:28,643:INFO:Importing libraries
2021-05-26 19:25:28,643:INFO:Copying training dataset
2021-05-26 19:25:28,645:INFO:Defining folds
2021-05-26 19:25:28,645:INFO:Declaring metric variables
2021-05-26 19:25:28,657:INFO:Importing untrained model
2021-05-26 19:25:28,672:INFO:K Neighbors Regressor Imported succesfully
2021-05-26 19:25:28,706:INFO:Starting cross validation
2021-05-26 19:25:28,706:INFO:Cross validating with KFold(n_splits=10, random_state=None, shuffle=False), n_jobs=-1
2021-05-26 19:25:29,689:WARNING:create_model() for knn raised an exception or returned all 0.0, trying without fit_kwargs:
2021-05-26 19:25:29,698:WARNING:joblib.externals.loky.process_executor._RemoteTraceback: 
"""
Traceback (most recent call last):
  File "C:\Users\izzyb\Anaconda3\lib\site-packages\sklearn\metrics\_scorer.py", line 56, in _cached_call
    return cache[method]
KeyError: 'predict'

During handling of the above exception, another exception occurred:

Traceback (most recent call last):
  File "C:\Users\izzyb\Anaconda3\lib\site-packages\joblib\externals\loky\process_executor.py", line 431, in _process_worker
    r = call_item()
  File "C:\Users\izzyb\Anaconda3\lib\site-packages\joblib\externals\loky\process_executor.py", line 285, in __call__
    return self.fn(*self.args, **self.kwargs)
  File "C:\Users\izzyb\Anaconda3\lib\site-packages\joblib\_parallel_backends.py", line 595, in __call__
    return self.func(*args, **kwargs)
  File "C:\Users\izzyb\Anaconda3\lib\site-packages\joblib\parallel.py", line 262, in __call__
    return [func(*args, **kwargs)
  File "C:\Users\izzyb\Anaconda3\lib\site-packages\joblib\parallel.py", line 262, in <listcomp>
    return [func(*args, **kwargs)
  File "C:\Users\izzyb\Anaconda3\lib\site-packages\sklearn\model_selection\_validation.py", line 560, in _fit_and_score
    test_scores = _score(estimator, X_test, y_test, scorer)
  File "C:\Users\izzyb\Anaconda3\lib\site-packages\sklearn\model_selection\_validation.py", line 607, in _score
    scores = scorer(estimator, X_test, y_test)
  File "C:\Users\izzyb\Anaconda3\lib\site-packages\sklearn\metrics\_scorer.py", line 87, in __call__
    score = scorer._score(cached_call, estimator,
  File "C:\Users\izzyb\Anaconda3\lib\site-packages\sklearn\metrics\_scorer.py", line 206, in _score
    y_pred = method_caller(estimator, "predict", X)
  File "C:\Users\izzyb\Anaconda3\lib\site-packages\sklearn\metrics\_scorer.py", line 58, in _cached_call
    result = getattr(estimator, method)(*args, **kwargs)
  File "C:\Users\izzyb\Anaconda3\lib\site-packages\pycaret\internal\pipeline.py", line 114, in predict
    result = super().predict(X, **predict_params)
  File "C:\Users\izzyb\Anaconda3\lib\site-packages\sklearn\utils\metaestimators.py", line 119, in <lambda>
    out = lambda *args, **kwargs: self.fn(obj, *args, **kwargs)
  File "C:\Users\izzyb\Anaconda3\lib\site-packages\sklearn\pipeline.py", line 408, in predict
    return self.steps[-1][-1].predict(Xt, **predict_params)
  File "C:\Users\izzyb\Anaconda3\lib\site-packages\sklearn\neighbors\_regression.py", line 185, in predict
    y_pred = np.mean(_y[neigh_ind], axis=1)
  File "<__array_function__ internals>", line 5, in mean
  File "C:\Users\izzyb\Anaconda3\lib\site-packages\numpy\core\fromnumeric.py", line 3372, in mean
    return _methods._mean(a, axis=axis, dtype=dtype,
  File "C:\Users\izzyb\Anaconda3\lib\site-packages\numpy\core\_methods.py", line 162, in _mean
    ret = um.true_divide(
TypeError: unsupported operand type(s) for /: 'str' and 'int'
"""

The above exception was the direct cause of the following exception:

Traceback (most recent call last):
  File "C:\Users\izzyb\Anaconda3\lib\site-packages\pycaret\internal\tabular.py", line 2166, in compare_models
    model, model_fit_time = create_model_supervised(
  File "C:\Users\izzyb\Anaconda3\lib\site-packages\pycaret\internal\tabular.py", line 3115, in create_model_supervised
    scores = cross_validate(
  File "C:\Users\izzyb\Anaconda3\lib\site-packages\sklearn\utils\validation.py", line 72, in inner_f
    return f(**kwargs)
  File "C:\Users\izzyb\Anaconda3\lib\site-packages\sklearn\model_selection\_validation.py", line 242, in cross_validate
    scores = parallel(
  File "C:\Users\izzyb\Anaconda3\lib\site-packages\joblib\parallel.py", line 1061, in __call__
    self.retrieve()
  File "C:\Users\izzyb\Anaconda3\lib\site-packages\joblib\parallel.py", line 940, in retrieve
    self._output.extend(job.get(timeout=self.timeout))
  File "C:\Users\izzyb\Anaconda3\lib\site-packages\joblib\_parallel_backends.py", line 542, in wrap_future_result
    return future.result(timeout=timeout)
  File "C:\Users\izzyb\Anaconda3\lib\concurrent\futures\_base.py", line 439, in result
    return self.__get_result()
  File "C:\Users\izzyb\Anaconda3\lib\concurrent\futures\_base.py", line 388, in __get_result
    raise self._exception
TypeError: unsupported operand type(s) for /: 'str' and 'int'

2021-05-26 19:25:29,699:INFO:Initializing create_model()
2021-05-26 19:25:29,699:INFO:create_model(estimator=knn, fold=KFold(n_splits=10, random_state=None, shuffle=False), round=4, cross_validation=True, predict=True, fit_kwargs=None, groups=None, refit=False, verbose=False, system=False, metrics=None, display=<pycaret.internal.Display.Display object at 0x000001612C034280>, kwargs={})
2021-05-26 19:25:29,699:INFO:Checking exceptions
2021-05-26 19:25:29,699:INFO:Importing libraries
2021-05-26 19:25:29,699:INFO:Copying training dataset
2021-05-26 19:25:29,700:INFO:Defining folds
2021-05-26 19:25:29,700:INFO:Declaring metric variables
2021-05-26 19:25:29,709:INFO:Importing untrained model
2021-05-26 19:25:29,721:INFO:K Neighbors Regressor Imported succesfully
2021-05-26 19:25:29,756:INFO:Starting cross validation
2021-05-26 19:25:29,757:INFO:Cross validating with KFold(n_splits=10, random_state=None, shuffle=False), n_jobs=-1
2021-05-26 19:25:40,580:ERROR:create_model() for knn raised an exception:
2021-05-26 19:25:40,581:ERROR:joblib.externals.loky.process_executor._RemoteTraceback: 
"""
Traceback (most recent call last):
  File "C:\Users\izzyb\Anaconda3\lib\site-packages\sklearn\metrics\_scorer.py", line 56, in _cached_call
    return cache[method]
KeyError: 'predict'

During handling of the above exception, another exception occurred:

Traceback (most recent call last):
  File "C:\Users\izzyb\Anaconda3\lib\site-packages\joblib\externals\loky\process_executor.py", line 431, in _process_worker
    r = call_item()
  File "C:\Users\izzyb\Anaconda3\lib\site-packages\joblib\externals\loky\process_executor.py", line 285, in __call__
    return self.fn(*self.args, **self.kwargs)
  File "C:\Users\izzyb\Anaconda3\lib\site-packages\joblib\_parallel_backends.py", line 595, in __call__
    return self.func(*args, **kwargs)
  File "C:\Users\izzyb\Anaconda3\lib\site-packages\joblib\parallel.py", line 262, in __call__
    return [func(*args, **kwargs)
  File "C:\Users\izzyb\Anaconda3\lib\site-packages\joblib\parallel.py", line 262, in <listcomp>
    return [func(*args, **kwargs)
  File "C:\Users\izzyb\Anaconda3\lib\site-packages\sklearn\model_selection\_validation.py", line 560, in _fit_and_score
    test_scores = _score(estimator, X_test, y_test, scorer)
  File "C:\Users\izzyb\Anaconda3\lib\site-packages\sklearn\model_selection\_validation.py", line 607, in _score
    scores = scorer(estimator, X_test, y_test)
  File "C:\Users\izzyb\Anaconda3\lib\site-packages\sklearn\metrics\_scorer.py", line 87, in __call__
    score = scorer._score(cached_call, estimator,
  File "C:\Users\izzyb\Anaconda3\lib\site-packages\sklearn\metrics\_scorer.py", line 206, in _score
    y_pred = method_caller(estimator, "predict", X)
  File "C:\Users\izzyb\Anaconda3\lib\site-packages\sklearn\metrics\_scorer.py", line 58, in _cached_call
    result = getattr(estimator, method)(*args, **kwargs)
  File "C:\Users\izzyb\Anaconda3\lib\site-packages\pycaret\internal\pipeline.py", line 114, in predict
    result = super().predict(X, **predict_params)
  File "C:\Users\izzyb\Anaconda3\lib\site-packages\sklearn\utils\metaestimators.py", line 119, in <lambda>
    out = lambda *args, **kwargs: self.fn(obj, *args, **kwargs)
  File "C:\Users\izzyb\Anaconda3\lib\site-packages\sklearn\pipeline.py", line 408, in predict
    return self.steps[-1][-1].predict(Xt, **predict_params)
  File "C:\Users\izzyb\Anaconda3\lib\site-packages\sklearn\neighbors\_regression.py", line 185, in predict
    y_pred = np.mean(_y[neigh_ind], axis=1)
  File "<__array_function__ internals>", line 5, in mean
  File "C:\Users\izzyb\Anaconda3\lib\site-packages\numpy\core\fromnumeric.py", line 3372, in mean
    return _methods._mean(a, axis=axis, dtype=dtype,
  File "C:\Users\izzyb\Anaconda3\lib\site-packages\numpy\core\_methods.py", line 162, in _mean
    ret = um.true_divide(
TypeError: unsupported operand type(s) for /: 'str' and 'int'
"""

The above exception was the direct cause of the following exception:

Traceback (most recent call last):
  File "C:\Users\izzyb\Anaconda3\lib\site-packages\pycaret\internal\tabular.py", line 2186, in compare_models
    model, model_fit_time = create_model_supervised(
  File "C:\Users\izzyb\Anaconda3\lib\site-packages\pycaret\internal\tabular.py", line 3115, in create_model_supervised
    scores = cross_validate(
  File "C:\Users\izzyb\Anaconda3\lib\site-packages\sklearn\utils\validation.py", line 72, in inner_f
    return f(**kwargs)
  File "C:\Users\izzyb\Anaconda3\lib\site-packages\sklearn\model_selection\_validation.py", line 242, in cross_validate
    scores = parallel(
  File "C:\Users\izzyb\Anaconda3\lib\site-packages\joblib\parallel.py", line 1061, in __call__
    self.retrieve()
  File "C:\Users\izzyb\Anaconda3\lib\site-packages\joblib\parallel.py", line 940, in retrieve
    self._output.extend(job.get(timeout=self.timeout))
  File "C:\Users\izzyb\Anaconda3\lib\site-packages\joblib\_parallel_backends.py", line 542, in wrap_future_result
    return future.result(timeout=timeout)
  File "C:\Users\izzyb\Anaconda3\lib\concurrent\futures\_base.py", line 439, in result
    return self.__get_result()
  File "C:\Users\izzyb\Anaconda3\lib\concurrent\futures\_base.py", line 388, in __get_result
    raise self._exception
TypeError: unsupported operand type(s) for /: 'str' and 'int'

2021-05-26 19:25:40,581:INFO:Initializing Decision Tree Regressor
2021-05-26 19:25:40,581:INFO:Total runtime is 0.5795973777770996 minutes
2021-05-26 19:25:40,597:INFO:SubProcess create_model() called ==================================
2021-05-26 19:25:40,598:INFO:Initializing create_model()
2021-05-26 19:25:40,598:INFO:create_model(estimator=dt, fold=KFold(n_splits=10, random_state=None, shuffle=False), round=4, cross_validation=True, predict=True, fit_kwargs={}, groups=None, refit=False, verbose=False, system=False, metrics=None, display=<pycaret.internal.Display.Display object at 0x000001612C034280>, kwargs={})
2021-05-26 19:25:40,598:INFO:Checking exceptions
2021-05-26 19:25:40,599:INFO:Importing libraries
2021-05-26 19:25:40,599:INFO:Copying training dataset
2021-05-26 19:25:40,601:INFO:Defining folds
2021-05-26 19:25:40,602:INFO:Declaring metric variables
2021-05-26 19:25:40,619:INFO:Importing untrained model
2021-05-26 19:25:40,633:INFO:Decision Tree Regressor Imported succesfully
2021-05-26 19:25:40,666:INFO:Starting cross validation
2021-05-26 19:25:40,667:INFO:Cross validating with KFold(n_splits=10, random_state=None, shuffle=False), n_jobs=-1
2021-05-26 19:25:49,629:INFO:Calculating mean and std
2021-05-26 19:25:49,631:INFO:Creating metrics dataframe
2021-05-26 19:25:49,637:INFO:Uploading results into container
2021-05-26 19:25:49,638:INFO:Uploading model into container now
2021-05-26 19:25:49,638:INFO:create_model_container: 11
2021-05-26 19:25:49,638:INFO:master_model_container: 11
2021-05-26 19:25:49,639:INFO:display_container: 2
2021-05-26 19:25:49,640:INFO:DecisionTreeRegressor(ccp_alpha=0.0, criterion='mse', max_depth=None,
                      max_features=None, max_leaf_nodes=None,
                      min_impurity_decrease=0.0, min_impurity_split=None,
                      min_samples_leaf=1, min_samples_split=2,
                      min_weight_fraction_leaf=0.0, presort='deprecated',
                      random_state=123, splitter='best')
2021-05-26 19:25:49,641:INFO:create_model() succesfully completed......................................
2021-05-26 19:25:50,134:INFO:SubProcess create_model() end ==================================
2021-05-26 19:25:50,135:INFO:Creating metrics dataframe
2021-05-26 19:25:50,179:INFO:Initializing Random Forest Regressor
2021-05-26 19:25:50,180:INFO:Total runtime is 0.7395827213923136 minutes
2021-05-26 19:25:50,199:INFO:SubProcess create_model() called ==================================
2021-05-26 19:25:50,200:INFO:Initializing create_model()
2021-05-26 19:25:50,200:INFO:create_model(estimator=rf, fold=KFold(n_splits=10, random_state=None, shuffle=False), round=4, cross_validation=True, predict=True, fit_kwargs={}, groups=None, refit=False, verbose=False, system=False, metrics=None, display=<pycaret.internal.Display.Display object at 0x000001612C034280>, kwargs={})
2021-05-26 19:25:50,200:INFO:Checking exceptions
2021-05-26 19:25:50,200:INFO:Importing libraries
2021-05-26 19:25:50,201:INFO:Copying training dataset
2021-05-26 19:25:50,202:INFO:Defining folds
2021-05-26 19:25:50,203:INFO:Declaring metric variables
2021-05-26 19:25:50,218:INFO:Importing untrained model
2021-05-26 19:25:50,230:INFO:Random Forest Regressor Imported succesfully
2021-05-26 19:25:50,260:INFO:Starting cross validation
2021-05-26 19:25:50,265:INFO:Cross validating with KFold(n_splits=10, random_state=None, shuffle=False), n_jobs=-1
2021-05-26 19:25:56,508:INFO:Calculating mean and std
2021-05-26 19:25:56,514:INFO:Creating metrics dataframe
2021-05-26 19:25:56,526:INFO:Uploading results into container
2021-05-26 19:25:56,527:INFO:Uploading model into container now
2021-05-26 19:25:56,527:INFO:create_model_container: 12
2021-05-26 19:25:56,527:INFO:master_model_container: 12
2021-05-26 19:25:56,527:INFO:display_container: 2
2021-05-26 19:25:56,528:INFO:RandomForestRegressor(bootstrap=True, ccp_alpha=0.0, criterion='mse',
                      max_depth=None, max_features='auto', max_leaf_nodes=None,
                      max_samples=None, min_impurity_decrease=0.0,
                      min_impurity_split=None, min_samples_leaf=1,
                      min_samples_split=2, min_weight_fraction_leaf=0.0,
                      n_estimators=100, n_jobs=-1, oob_score=False,
                      random_state=123, verbose=0, warm_start=False)
2021-05-26 19:25:56,528:INFO:create_model() succesfully completed......................................
2021-05-26 19:25:56,965:INFO:SubProcess create_model() end ==================================
2021-05-26 19:25:56,965:INFO:Creating metrics dataframe
2021-05-26 19:25:57,010:INFO:Initializing Extra Trees Regressor
2021-05-26 19:25:57,010:INFO:Total runtime is 0.8534112930297851 minutes
2021-05-26 19:25:57,025:INFO:SubProcess create_model() called ==================================
2021-05-26 19:25:57,025:INFO:Initializing create_model()
2021-05-26 19:25:57,025:INFO:create_model(estimator=et, fold=KFold(n_splits=10, random_state=None, shuffle=False), round=4, cross_validation=True, predict=True, fit_kwargs={}, groups=None, refit=False, verbose=False, system=False, metrics=None, display=<pycaret.internal.Display.Display object at 0x000001612C034280>, kwargs={})
2021-05-26 19:25:57,025:INFO:Checking exceptions
2021-05-26 19:25:57,025:INFO:Importing libraries
2021-05-26 19:25:57,026:INFO:Copying training dataset
2021-05-26 19:25:57,027:INFO:Defining folds
2021-05-26 19:25:57,027:INFO:Declaring metric variables
2021-05-26 19:25:57,043:INFO:Importing untrained model
2021-05-26 19:25:57,059:INFO:Extra Trees Regressor Imported succesfully
2021-05-26 19:25:57,089:INFO:Starting cross validation
2021-05-26 19:25:57,092:INFO:Cross validating with KFold(n_splits=10, random_state=None, shuffle=False), n_jobs=-1
2021-05-26 19:25:58,424:INFO:Calculating mean and std
2021-05-26 19:25:58,426:INFO:Creating metrics dataframe
2021-05-26 19:25:58,433:INFO:Uploading results into container
2021-05-26 19:25:58,433:INFO:Uploading model into container now
2021-05-26 19:25:58,433:INFO:create_model_container: 13
2021-05-26 19:25:58,433:INFO:master_model_container: 13
2021-05-26 19:25:58,433:INFO:display_container: 2
2021-05-26 19:25:58,434:INFO:ExtraTreesRegressor(bootstrap=False, ccp_alpha=0.0, criterion='mse',
                    max_depth=None, max_features='auto', max_leaf_nodes=None,
                    max_samples=None, min_impurity_decrease=0.0,
                    min_impurity_split=None, min_samples_leaf=1,
                    min_samples_split=2, min_weight_fraction_leaf=0.0,
                    n_estimators=100, n_jobs=-1, oob_score=False,
                    random_state=123, verbose=0, warm_start=False)
2021-05-26 19:25:58,434:INFO:create_model() succesfully completed......................................
2021-05-26 19:25:58,731:INFO:SubProcess create_model() end ==================================
2021-05-26 19:25:58,732:INFO:Creating metrics dataframe
2021-05-26 19:25:58,756:INFO:Initializing AdaBoost Regressor
2021-05-26 19:25:58,756:INFO:Total runtime is 0.8825193166732788 minutes
2021-05-26 19:25:58,775:INFO:SubProcess create_model() called ==================================
2021-05-26 19:25:58,775:INFO:Initializing create_model()
2021-05-26 19:25:58,776:INFO:create_model(estimator=ada, fold=KFold(n_splits=10, random_state=None, shuffle=False), round=4, cross_validation=True, predict=True, fit_kwargs={}, groups=None, refit=False, verbose=False, system=False, metrics=None, display=<pycaret.internal.Display.Display object at 0x000001612C034280>, kwargs={})
2021-05-26 19:25:58,776:INFO:Checking exceptions
2021-05-26 19:25:58,776:INFO:Importing libraries
2021-05-26 19:25:58,776:INFO:Copying training dataset
2021-05-26 19:25:58,777:INFO:Defining folds
2021-05-26 19:25:58,778:INFO:Declaring metric variables
2021-05-26 19:25:58,793:INFO:Importing untrained model
2021-05-26 19:25:58,802:INFO:AdaBoost Regressor Imported succesfully
2021-05-26 19:25:58,822:INFO:Starting cross validation
2021-05-26 19:25:58,824:INFO:Cross validating with KFold(n_splits=10, random_state=None, shuffle=False), n_jobs=-1
2021-05-26 19:25:59,514:INFO:Calculating mean and std
2021-05-26 19:25:59,515:INFO:Creating metrics dataframe
2021-05-26 19:25:59,522:INFO:Uploading results into container
2021-05-26 19:25:59,522:INFO:Uploading model into container now
2021-05-26 19:25:59,523:INFO:create_model_container: 14
2021-05-26 19:25:59,523:INFO:master_model_container: 14
2021-05-26 19:25:59,523:INFO:display_container: 2
2021-05-26 19:25:59,523:INFO:AdaBoostRegressor(base_estimator=None, learning_rate=1.0, loss='linear',
                  n_estimators=50, random_state=123)
2021-05-26 19:25:59,523:INFO:create_model() succesfully completed......................................
2021-05-26 19:25:59,836:INFO:SubProcess create_model() end ==================================
2021-05-26 19:25:59,836:INFO:Creating metrics dataframe
2021-05-26 19:25:59,875:INFO:Initializing Gradient Boosting Regressor
2021-05-26 19:25:59,875:INFO:Total runtime is 0.901165477434794 minutes
2021-05-26 19:25:59,893:INFO:SubProcess create_model() called ==================================
2021-05-26 19:25:59,894:INFO:Initializing create_model()
2021-05-26 19:25:59,894:INFO:create_model(estimator=gbr, fold=KFold(n_splits=10, random_state=None, shuffle=False), round=4, cross_validation=True, predict=True, fit_kwargs={}, groups=None, refit=False, verbose=False, system=False, metrics=None, display=<pycaret.internal.Display.Display object at 0x000001612C034280>, kwargs={})
2021-05-26 19:25:59,894:INFO:Checking exceptions
2021-05-26 19:25:59,895:INFO:Importing libraries
2021-05-26 19:25:59,895:INFO:Copying training dataset
2021-05-26 19:25:59,896:INFO:Defining folds
2021-05-26 19:25:59,896:INFO:Declaring metric variables
2021-05-26 19:25:59,916:INFO:Importing untrained model
2021-05-26 19:25:59,925:INFO:Gradient Boosting Regressor Imported succesfully
2021-05-26 19:25:59,943:INFO:Starting cross validation
2021-05-26 19:25:59,944:INFO:Cross validating with KFold(n_splits=10, random_state=None, shuffle=False), n_jobs=-1
2021-05-26 19:26:00,880:INFO:Calculating mean and std
2021-05-26 19:26:00,881:INFO:Creating metrics dataframe
2021-05-26 19:26:00,885:INFO:Uploading results into container
2021-05-26 19:26:00,885:INFO:Uploading model into container now
2021-05-26 19:26:00,885:INFO:create_model_container: 15
2021-05-26 19:26:00,886:INFO:master_model_container: 15
2021-05-26 19:26:00,886:INFO:display_container: 2
2021-05-26 19:26:00,886:INFO:GradientBoostingRegressor(alpha=0.9, ccp_alpha=0.0, criterion='friedman_mse',
                          init=None, learning_rate=0.1, loss='ls', max_depth=3,
                          max_features=None, max_leaf_nodes=None,
                          min_impurity_decrease=0.0, min_impurity_split=None,
                          min_samples_leaf=1, min_samples_split=2,
                          min_weight_fraction_leaf=0.0, n_estimators=100,
                          n_iter_no_change=None, presort='deprecated',
                          random_state=123, subsample=1.0, tol=0.0001,
                          validation_fraction=0.1, verbose=0, warm_start=False)
2021-05-26 19:26:00,886:INFO:create_model() succesfully completed......................................
2021-05-26 19:26:01,232:INFO:SubProcess create_model() end ==================================
2021-05-26 19:26:01,232:INFO:Creating metrics dataframe
2021-05-26 19:26:01,254:INFO:Initializing Light Gradient Boosting Machine
2021-05-26 19:26:01,254:INFO:Total runtime is 0.9241531054178873 minutes
2021-05-26 19:26:01,272:INFO:SubProcess create_model() called ==================================
2021-05-26 19:26:01,273:INFO:Initializing create_model()
2021-05-26 19:26:01,273:INFO:create_model(estimator=lightgbm, fold=KFold(n_splits=10, random_state=None, shuffle=False), round=4, cross_validation=True, predict=True, fit_kwargs={}, groups=None, refit=False, verbose=False, system=False, metrics=None, display=<pycaret.internal.Display.Display object at 0x000001612C034280>, kwargs={})
2021-05-26 19:26:01,273:INFO:Checking exceptions
2021-05-26 19:26:01,273:INFO:Importing libraries
2021-05-26 19:26:01,273:INFO:Copying training dataset
2021-05-26 19:26:01,275:INFO:Defining folds
2021-05-26 19:26:01,275:INFO:Declaring metric variables
2021-05-26 19:26:01,287:INFO:Importing untrained model
2021-05-26 19:26:01,295:INFO:Light Gradient Boosting Machine Imported succesfully
2021-05-26 19:26:01,319:INFO:Starting cross validation
2021-05-26 19:26:01,320:INFO:Cross validating with KFold(n_splits=10, random_state=None, shuffle=False), n_jobs=-1
2021-05-26 19:26:02,990:INFO:Calculating mean and std
2021-05-26 19:26:02,990:INFO:Creating metrics dataframe
2021-05-26 19:26:02,994:INFO:Uploading results into container
2021-05-26 19:26:02,994:INFO:Uploading model into container now
2021-05-26 19:26:02,994:INFO:create_model_container: 16
2021-05-26 19:26:02,994:INFO:master_model_container: 16
2021-05-26 19:26:02,994:INFO:display_container: 2
2021-05-26 19:26:02,995:INFO:LGBMRegressor(boosting_type='gbdt', class_weight=None, colsample_bytree=1.0,
              importance_type='split', learning_rate=0.1, max_depth=-1,
              min_child_samples=20, min_child_weight=0.001, min_split_gain=0.0,
              n_estimators=100, n_jobs=-1, num_leaves=31, objective=None,
              random_state=123, reg_alpha=0.0, reg_lambda=0.0, silent=True,
              subsample=1.0, subsample_for_bin=200000, subsample_freq=0)
2021-05-26 19:26:02,995:INFO:create_model() succesfully completed......................................
2021-05-26 19:26:03,297:WARNING:create_model() for LGBMRegressor(boosting_type='gbdt', class_weight=None, colsample_bytree=1.0,
              importance_type='split', learning_rate=0.1, max_depth=-1,
              min_child_samples=20, min_child_weight=0.001, min_split_gain=0.0,
              n_estimators=100, n_jobs=-1, num_leaves=31, objective=None,
              random_state=123, reg_alpha=0.0, reg_lambda=0.0, silent=True,
              subsample=1.0, subsample_for_bin=200000, subsample_freq=0) raised an exception or returned all 0.0, trying without fit_kwargs:
2021-05-26 19:26:03,298:WARNING:Traceback (most recent call last):
  File "C:\Users\izzyb\Anaconda3\lib\site-packages\pycaret\internal\tabular.py", line 2179, in compare_models
    assert np.sum(model_results.iloc[0]) != 0.0
AssertionError

2021-05-26 19:26:03,298:INFO:Initializing create_model()
2021-05-26 19:26:03,299:INFO:create_model(estimator=LGBMRegressor(boosting_type='gbdt', class_weight=None, colsample_bytree=1.0,
              importance_type='split', learning_rate=0.1, max_depth=-1,
              min_child_samples=20, min_child_weight=0.001, min_split_gain=0.0,
              n_estimators=100, n_jobs=-1, num_leaves=31, objective=None,
              random_state=123, reg_alpha=0.0, reg_lambda=0.0, silent=True,
              subsample=1.0, subsample_for_bin=200000, subsample_freq=0), fold=KFold(n_splits=10, random_state=None, shuffle=False), round=4, cross_validation=True, predict=True, fit_kwargs=None, groups=None, refit=False, verbose=False, system=False, metrics=None, display=<pycaret.internal.Display.Display object at 0x000001612C034280>, kwargs={})
2021-05-26 19:26:03,299:INFO:Checking exceptions
2021-05-26 19:26:03,299:INFO:Importing libraries
2021-05-26 19:26:03,299:INFO:Copying training dataset
2021-05-26 19:26:03,300:INFO:Defining folds
2021-05-26 19:26:03,301:INFO:Declaring metric variables
2021-05-26 19:26:03,314:INFO:Importing untrained model
2021-05-26 19:26:03,314:INFO:Declaring custom model
2021-05-26 19:26:03,333:INFO:Light Gradient Boosting Machine Imported succesfully
2021-05-26 19:26:03,352:INFO:Starting cross validation
2021-05-26 19:26:03,352:INFO:Cross validating with KFold(n_splits=10, random_state=None, shuffle=False), n_jobs=-1
2021-05-26 19:26:04,231:INFO:Calculating mean and std
2021-05-26 19:26:04,232:INFO:Creating metrics dataframe
2021-05-26 19:26:04,236:INFO:Uploading results into container
2021-05-26 19:26:04,236:INFO:Uploading model into container now
2021-05-26 19:26:04,236:INFO:create_model_container: 17
2021-05-26 19:26:04,237:INFO:master_model_container: 17
2021-05-26 19:26:04,237:INFO:display_container: 2
2021-05-26 19:26:04,237:INFO:LGBMRegressor(boosting_type='gbdt', class_weight=None, colsample_bytree=1.0,
              importance_type='split', learning_rate=0.1, max_depth=-1,
              min_child_samples=20, min_child_weight=0.001, min_split_gain=0.0,
              n_estimators=100, n_jobs=-1, num_leaves=31, objective=None,
              random_state=123, reg_alpha=0.0, reg_lambda=0.0, silent=True,
              subsample=1.0, subsample_for_bin=200000, subsample_freq=0)
2021-05-26 19:26:04,237:INFO:create_model() succesfully completed......................................
2021-05-26 19:26:04,558:INFO:SubProcess create_model() end ==================================
2021-05-26 19:26:04,558:INFO:Creating metrics dataframe
2021-05-26 19:26:04,624:INFO:Initializing create_model()
2021-05-26 19:26:04,624:INFO:create_model(estimator=ExtraTreesRegressor(bootstrap=False, ccp_alpha=0.0, criterion='mse',
                    max_depth=None, max_features='auto', max_leaf_nodes=None,
                    max_samples=None, min_impurity_decrease=0.0,
                    min_impurity_split=None, min_samples_leaf=1,
                    min_samples_split=2, min_weight_fraction_leaf=0.0,
                    n_estimators=100, n_jobs=-1, oob_score=False,
                    random_state=123, verbose=0, warm_start=False), fold=KFold(n_splits=10, random_state=None, shuffle=False), round=4, cross_validation=False, predict=False, fit_kwargs={}, groups=None, refit=True, verbose=False, system=False, metrics=None, display=None, kwargs={})
2021-05-26 19:26:04,625:INFO:Checking exceptions
2021-05-26 19:26:04,625:INFO:Importing libraries
2021-05-26 19:26:04,625:INFO:Copying training dataset
2021-05-26 19:26:04,625:INFO:Defining folds
2021-05-26 19:26:04,625:INFO:Declaring metric variables
2021-05-26 19:26:04,625:INFO:Importing untrained model
2021-05-26 19:26:04,625:INFO:Declaring custom model
2021-05-26 19:26:04,626:INFO:Extra Trees Regressor Imported succesfully
2021-05-26 19:26:04,626:INFO:Cross validation set to False
2021-05-26 19:26:04,627:INFO:Fitting Model
2021-05-26 19:26:04,981:INFO:ExtraTreesRegressor(bootstrap=False, ccp_alpha=0.0, criterion='mse',
                    max_depth=None, max_features='auto', max_leaf_nodes=None,
                    max_samples=None, min_impurity_decrease=0.0,
                    min_impurity_split=None, min_samples_leaf=1,
                    min_samples_split=2, min_weight_fraction_leaf=0.0,
                    n_estimators=100, n_jobs=-1, oob_score=False,
                    random_state=123, verbose=0, warm_start=False)
2021-05-26 19:26:04,982:INFO:create_models() succesfully completed......................................
2021-05-26 19:26:05,507:INFO:create_model_container: 17
2021-05-26 19:26:05,507:INFO:master_model_container: 17
2021-05-26 19:26:05,508:INFO:display_container: 2
2021-05-26 19:26:05,509:INFO:ExtraTreesRegressor(bootstrap=False, ccp_alpha=0.0, criterion='mse',
                    max_depth=None, max_features='auto', max_leaf_nodes=None,
                    max_samples=None, min_impurity_decrease=0.0,
                    min_impurity_split=None, min_samples_leaf=1,
                    min_samples_split=2, min_weight_fraction_leaf=0.0,
                    n_estimators=100, n_jobs=-1, oob_score=False,
                    random_state=123, verbose=0, warm_start=False)
2021-05-26 19:26:05,510:INFO:compare_models() succesfully completed......................................
2021-05-26 19:26:27,518:INFO:gpu_param set to False
2021-05-26 19:26:27,737:WARNING:Couldn't import xgboost.XGBRegressor
2021-05-26 19:26:27,740:WARNING:Couldn't import catboost.CatBoostRegressor
2021-05-26 19:26:55,375:INFO:Initializing create_model()
2021-05-26 19:26:55,375:INFO:create_model(estimator=et, fold=None, round=4, cross_validation=True, predict=True, fit_kwargs=None, groups=None, refit=True, verbose=True, system=True, metrics=None, display=None, kwargs={})
2021-05-26 19:26:55,375:INFO:Checking exceptions
2021-05-26 19:26:55,375:INFO:Preparing display monitor
2021-05-26 19:26:55,417:INFO:Importing libraries
2021-05-26 19:26:55,418:INFO:Copying training dataset
2021-05-26 19:26:55,421:INFO:Defining folds
2021-05-26 19:26:55,422:INFO:Declaring metric variables
2021-05-26 19:26:55,438:INFO:Importing untrained model
2021-05-26 19:26:55,460:INFO:Extra Trees Regressor Imported succesfully
2021-05-26 19:26:55,486:INFO:Starting cross validation
2021-05-26 19:26:55,487:INFO:Cross validating with KFold(n_splits=10, random_state=None, shuffle=False), n_jobs=-1
2021-05-26 19:26:56,836:INFO:Calculating mean and std
2021-05-26 19:26:56,837:INFO:Creating metrics dataframe
2021-05-26 19:26:56,856:INFO:Finalizing model
2021-05-26 19:26:57,202:INFO:Uploading results into container
2021-05-26 19:26:57,203:INFO:Uploading model into container now
2021-05-26 19:26:57,233:INFO:create_model_container: 18
2021-05-26 19:26:57,234:INFO:master_model_container: 18
2021-05-26 19:26:57,234:INFO:display_container: 3
2021-05-26 19:26:57,235:INFO:ExtraTreesRegressor(bootstrap=False, ccp_alpha=0.0, criterion='mse',
                    max_depth=None, max_features='auto', max_leaf_nodes=None,
                    max_samples=None, min_impurity_decrease=0.0,
                    min_impurity_split=None, min_samples_leaf=1,
                    min_samples_split=2, min_weight_fraction_leaf=0.0,
                    n_estimators=100, n_jobs=-1, oob_score=False,
                    random_state=123, verbose=0, warm_start=False)
2021-05-26 19:26:57,235:INFO:create_model() succesfully completed......................................
2021-05-26 19:27:42,295:INFO:Initializing create_model()
2021-05-26 19:27:42,295:INFO:create_model(estimator=rf, fold=None, round=4, cross_validation=True, predict=True, fit_kwargs=None, groups=None, refit=True, verbose=True, system=True, metrics=None, display=None, kwargs={})
2021-05-26 19:27:42,296:INFO:Checking exceptions
2021-05-26 19:27:42,296:INFO:Preparing display monitor
2021-05-26 19:27:42,332:INFO:Importing libraries
2021-05-26 19:27:42,333:INFO:Copying training dataset
2021-05-26 19:27:42,335:INFO:Defining folds
2021-05-26 19:27:42,336:INFO:Declaring metric variables
2021-05-26 19:27:42,353:INFO:Importing untrained model
2021-05-26 19:27:42,365:INFO:Random Forest Regressor Imported succesfully
2021-05-26 19:27:42,395:INFO:Starting cross validation
2021-05-26 19:27:42,396:INFO:Cross validating with KFold(n_splits=10, random_state=None, shuffle=False), n_jobs=-1
2021-05-26 19:27:44,795:INFO:Calculating mean and std
2021-05-26 19:27:44,797:INFO:Creating metrics dataframe
2021-05-26 19:27:44,826:INFO:Finalizing model
2021-05-26 19:27:45,316:INFO:Uploading results into container
2021-05-26 19:27:45,316:INFO:Uploading model into container now
2021-05-26 19:27:45,346:INFO:create_model_container: 19
2021-05-26 19:27:45,347:INFO:master_model_container: 19
2021-05-26 19:27:45,347:INFO:display_container: 4
2021-05-26 19:27:45,348:INFO:RandomForestRegressor(bootstrap=True, ccp_alpha=0.0, criterion='mse',
                      max_depth=None, max_features='auto', max_leaf_nodes=None,
                      max_samples=None, min_impurity_decrease=0.0,
                      min_impurity_split=None, min_samples_leaf=1,
                      min_samples_split=2, min_weight_fraction_leaf=0.0,
                      n_estimators=100, n_jobs=-1, oob_score=False,
                      random_state=123, verbose=0, warm_start=False)
2021-05-26 19:27:45,348:INFO:create_model() succesfully completed......................................
2021-05-26 19:30:35,565:INFO:Initializing tune_model()
2021-05-26 19:30:35,566:INFO:tune_model(estimator=et, fold=None, round=4, n_iter=10, custom_grid=None, optimize=R2, custom_scorer=None, search_library=scikit-learn, search_algorithm=None, early_stopping=False, early_stopping_max_iters=10, choose_better=False, fit_kwargs=None, groups=None, return_tuner=False, verbose=True, tuner_verbose=True, display=None, kwargs={})
2021-05-26 19:30:35,566:INFO:Checking exceptions
2021-05-26 19:31:26,666:INFO:Initializing tune_model()
2021-05-26 19:31:26,666:INFO:tune_model(estimator=et_w, fold=None, round=4, n_iter=10, custom_grid=None, optimize=R2, custom_scorer=None, search_library=scikit-learn, search_algorithm=None, early_stopping=False, early_stopping_max_iters=10, choose_better=False, fit_kwargs=None, groups=None, return_tuner=False, verbose=True, tuner_verbose=True, display=None, kwargs={})
2021-05-26 19:31:26,667:INFO:Checking exceptions
2021-05-26 19:32:13,202:INFO:Initializing tune_model()
2021-05-26 19:32:13,203:INFO:tune_model(estimator=rf_w, fold=None, round=4, n_iter=10, custom_grid=None, optimize=R2, custom_scorer=None, search_library=scikit-learn, search_algorithm=None, early_stopping=False, early_stopping_max_iters=10, choose_better=False, fit_kwargs=None, groups=None, return_tuner=False, verbose=True, tuner_verbose=True, display=None, kwargs={})
2021-05-26 19:32:13,203:INFO:Checking exceptions
2021-05-26 19:32:22,428:INFO:Initializing tune_model()
2021-05-26 19:32:22,429:INFO:tune_model(estimator=rf, fold=None, round=4, n_iter=10, custom_grid=None, optimize=R2, custom_scorer=None, search_library=scikit-learn, search_algorithm=None, early_stopping=False, early_stopping_max_iters=10, choose_better=False, fit_kwargs=None, groups=None, return_tuner=False, verbose=True, tuner_verbose=True, display=None, kwargs={})
2021-05-26 19:32:22,430:INFO:Checking exceptions
2021-05-26 19:33:42,211:INFO:Initializing create_model()
2021-05-26 19:33:42,213:INFO:create_model(estimator=et, fold=None, round=4, cross_validation=True, predict=True, fit_kwargs=None, groups=None, refit=True, verbose=True, system=True, metrics=None, display=None, kwargs={})
2021-05-26 19:33:42,215:INFO:Checking exceptions
2021-05-26 19:33:42,217:INFO:Preparing display monitor
2021-05-26 19:33:42,250:INFO:Importing libraries
2021-05-26 19:33:42,253:INFO:Copying training dataset
2021-05-26 19:33:42,255:INFO:Defining folds
2021-05-26 19:33:42,256:INFO:Declaring metric variables
2021-05-26 19:33:42,273:INFO:Importing untrained model
2021-05-26 19:33:42,290:INFO:Extra Trees Regressor Imported succesfully
2021-05-26 19:33:42,323:INFO:Starting cross validation
2021-05-26 19:33:42,324:INFO:Cross validating with KFold(n_splits=10, random_state=None, shuffle=False), n_jobs=-1
2021-05-26 19:33:52,847:INFO:Calculating mean and std
2021-05-26 19:33:52,851:INFO:Creating metrics dataframe
2021-05-26 19:33:52,884:INFO:Finalizing model
2021-05-26 19:33:53,191:INFO:Uploading results into container
2021-05-26 19:33:53,192:INFO:Uploading model into container now
2021-05-26 19:33:53,208:INFO:create_model_container: 20
2021-05-26 19:33:53,209:INFO:master_model_container: 20
2021-05-26 19:33:53,211:INFO:display_container: 5
2021-05-26 19:33:53,213:INFO:ExtraTreesRegressor(bootstrap=False, ccp_alpha=0.0, criterion='mse',
                    max_depth=None, max_features='auto', max_leaf_nodes=None,
                    max_samples=None, min_impurity_decrease=0.0,
                    min_impurity_split=None, min_samples_leaf=1,
                    min_samples_split=2, min_weight_fraction_leaf=0.0,
                    n_estimators=100, n_jobs=-1, oob_score=False,
                    random_state=123, verbose=0, warm_start=False)
2021-05-26 19:33:53,213:INFO:create_model() succesfully completed......................................
2021-05-26 19:34:11,304:INFO:Initializing create_model()
2021-05-26 19:34:11,305:INFO:create_model(estimator=rf, fold=None, round=4, cross_validation=True, predict=True, fit_kwargs=None, groups=None, refit=True, verbose=True, system=True, metrics=None, display=None, kwargs={})
2021-05-26 19:34:11,305:INFO:Checking exceptions
2021-05-26 19:34:11,306:INFO:Preparing display monitor
2021-05-26 19:34:11,338:INFO:Importing libraries
2021-05-26 19:34:11,339:INFO:Copying training dataset
2021-05-26 19:34:11,344:INFO:Defining folds
2021-05-26 19:34:11,344:INFO:Declaring metric variables
2021-05-26 19:34:11,363:INFO:Importing untrained model
2021-05-26 19:34:11,381:INFO:Random Forest Regressor Imported succesfully
2021-05-26 19:34:11,430:INFO:Starting cross validation
2021-05-26 19:34:11,433:INFO:Cross validating with KFold(n_splits=10, random_state=None, shuffle=False), n_jobs=-1
2021-05-26 19:34:18,175:INFO:Calculating mean and std
2021-05-26 19:34:18,176:INFO:Creating metrics dataframe
2021-05-26 19:34:18,205:INFO:Finalizing model
2021-05-26 19:34:18,722:INFO:Uploading results into container
2021-05-26 19:34:18,722:INFO:Uploading model into container now
2021-05-26 19:34:18,736:INFO:create_model_container: 21
2021-05-26 19:34:18,736:INFO:master_model_container: 21
2021-05-26 19:34:18,736:INFO:display_container: 6
2021-05-26 19:34:18,737:INFO:RandomForestRegressor(bootstrap=True, ccp_alpha=0.0, criterion='mse',
                      max_depth=None, max_features='auto', max_leaf_nodes=None,
                      max_samples=None, min_impurity_decrease=0.0,
                      min_impurity_split=None, min_samples_leaf=1,
                      min_samples_split=2, min_weight_fraction_leaf=0.0,
                      n_estimators=100, n_jobs=-1, oob_score=False,
                      random_state=123, verbose=0, warm_start=False)
2021-05-26 19:34:18,737:INFO:create_model() succesfully completed......................................
2021-05-26 19:34:39,623:INFO:Initializing tune_model()
2021-05-26 19:34:39,624:INFO:tune_model(estimator=et, fold=None, round=4, n_iter=10, custom_grid=None, optimize=R2, custom_scorer=None, search_library=scikit-learn, search_algorithm=None, early_stopping=False, early_stopping_max_iters=10, choose_better=False, fit_kwargs=None, groups=None, return_tuner=False, verbose=True, tuner_verbose=True, display=None, kwargs={})
2021-05-26 19:34:39,626:INFO:Checking exceptions
2021-05-26 19:34:54,941:INFO:Initializing tune_model()
2021-05-26 19:34:54,942:INFO:tune_model(estimator=rf, fold=None, round=4, n_iter=10, custom_grid=None, optimize=R2, custom_scorer=None, search_library=scikit-learn, search_algorithm=None, early_stopping=False, early_stopping_max_iters=10, choose_better=False, fit_kwargs=None, groups=None, return_tuner=False, verbose=True, tuner_verbose=True, display=None, kwargs={})
2021-05-26 19:34:54,943:INFO:Checking exceptions
2021-05-26 19:35:01,333:INFO:Initializing tune_model()
2021-05-26 19:35:01,334:INFO:tune_model(estimator=ExtraTreesRegressor(bootstrap=False, ccp_alpha=0.0, criterion='mse',
                    max_depth=None, max_features='auto', max_leaf_nodes=None,
                    max_samples=None, min_impurity_decrease=0.0,
                    min_impurity_split=None, min_samples_leaf=1,
                    min_samples_split=2, min_weight_fraction_leaf=0.0,
                    n_estimators=100, n_jobs=-1, oob_score=False,
                    random_state=123, verbose=0, warm_start=False), fold=None, round=4, n_iter=10, custom_grid=None, optimize=R2, custom_scorer=None, search_library=scikit-learn, search_algorithm=None, early_stopping=False, early_stopping_max_iters=10, choose_better=False, fit_kwargs=None, groups=None, return_tuner=False, verbose=True, tuner_verbose=True, display=None, kwargs={})
2021-05-26 19:35:01,335:INFO:Checking exceptions
2021-05-26 19:35:01,337:INFO:Preparing display monitor
2021-05-26 19:35:01,380:INFO:Copying training dataset
2021-05-26 19:35:01,384:INFO:Checking base model
2021-05-26 19:35:01,385:INFO:Base model : Extra Trees Regressor
2021-05-26 19:35:01,400:INFO:Declaring metric variables
2021-05-26 19:35:01,427:INFO:Defining Hyperparameters
2021-05-26 19:35:01,856:INFO:Tuning with n_jobs=-1
2021-05-26 19:35:01,856:INFO:Initializing RandomizedSearchCV
2021-05-26 19:35:14,384:INFO:best_params: {'actual_estimator__n_estimators': 240, 'actual_estimator__min_samples_split': 5, 'actual_estimator__min_samples_leaf': 2, 'actual_estimator__min_impurity_decrease': 0.0001, 'actual_estimator__max_features': 'sqrt', 'actual_estimator__max_depth': 8, 'actual_estimator__criterion': 'mse', 'actual_estimator__bootstrap': False}
2021-05-26 19:35:14,385:INFO:Hyperparameter search completed
2021-05-26 19:35:14,386:INFO:SubProcess create_model() called ==================================
2021-05-26 19:35:14,387:INFO:Initializing create_model()
2021-05-26 19:35:14,387:INFO:create_model(estimator=ExtraTreesRegressor(bootstrap=False, ccp_alpha=0.0, criterion='mse',
                    max_depth=None, max_features='auto', max_leaf_nodes=None,
                    max_samples=None, min_impurity_decrease=0.0,
                    min_impurity_split=None, min_samples_leaf=1,
                    min_samples_split=2, min_weight_fraction_leaf=0.0,
                    n_estimators=100, n_jobs=-1, oob_score=False,
                    random_state=123, verbose=0, warm_start=False), fold=KFold(n_splits=10, random_state=None, shuffle=False), round=4, cross_validation=True, predict=True, fit_kwargs={}, groups=None, refit=True, verbose=True, system=False, metrics=None, display=<pycaret.internal.Display.Display object at 0x0000016123A774F0>, kwargs={'n_estimators': 240, 'min_samples_split': 5, 'min_samples_leaf': 2, 'min_impurity_decrease': 0.0001, 'max_features': 'sqrt', 'max_depth': 8, 'criterion': 'mse', 'bootstrap': False})
2021-05-26 19:35:14,388:INFO:Checking exceptions
2021-05-26 19:35:14,388:INFO:Importing libraries
2021-05-26 19:35:14,388:INFO:Copying training dataset
2021-05-26 19:35:14,390:INFO:Defining folds
2021-05-26 19:35:14,390:INFO:Declaring metric variables
2021-05-26 19:35:14,403:INFO:Importing untrained model
2021-05-26 19:35:14,403:INFO:Declaring custom model
2021-05-26 19:35:14,411:INFO:Extra Trees Regressor Imported succesfully
2021-05-26 19:35:14,430:INFO:Starting cross validation
2021-05-26 19:35:14,431:INFO:Cross validating with KFold(n_splits=10, random_state=None, shuffle=False), n_jobs=-1
2021-05-26 19:35:15,585:INFO:Calculating mean and std
2021-05-26 19:35:15,588:INFO:Creating metrics dataframe
2021-05-26 19:35:15,601:INFO:Finalizing model
2021-05-26 19:35:16,046:INFO:Uploading results into container
2021-05-26 19:35:16,046:INFO:Uploading model into container now
2021-05-26 19:35:16,046:INFO:create_model_container: 22
2021-05-26 19:35:16,046:INFO:master_model_container: 22
2021-05-26 19:35:16,046:INFO:display_container: 7
2021-05-26 19:35:16,047:INFO:ExtraTreesRegressor(bootstrap=False, ccp_alpha=0.0, criterion='mse',
                    max_depth=8, max_features='sqrt', max_leaf_nodes=None,
                    max_samples=None, min_impurity_decrease=0.0001,
                    min_impurity_split=None, min_samples_leaf=2,
                    min_samples_split=5, min_weight_fraction_leaf=0.0,
                    n_estimators=240, n_jobs=-1, oob_score=False,
                    random_state=123, verbose=0, warm_start=False)
2021-05-26 19:35:16,047:INFO:create_model() succesfully completed......................................
2021-05-26 19:35:16,395:INFO:SubProcess create_model() end ==================================
2021-05-26 19:35:16,415:INFO:create_model_container: 22
2021-05-26 19:35:16,415:INFO:master_model_container: 22
2021-05-26 19:35:16,415:INFO:display_container: 7
2021-05-26 19:35:16,416:INFO:ExtraTreesRegressor(bootstrap=False, ccp_alpha=0.0, criterion='mse',
                    max_depth=8, max_features='sqrt', max_leaf_nodes=None,
                    max_samples=None, min_impurity_decrease=0.0001,
                    min_impurity_split=None, min_samples_leaf=2,
                    min_samples_split=5, min_weight_fraction_leaf=0.0,
                    n_estimators=240, n_jobs=-1, oob_score=False,
                    random_state=123, verbose=0, warm_start=False)
2021-05-26 19:35:16,416:INFO:tune_model() succesfully completed......................................
2021-05-26 19:35:49,619:INFO:Initializing tune_model()
2021-05-26 19:35:49,620:INFO:tune_model(estimator=RandomForestRegressor(bootstrap=True, ccp_alpha=0.0, criterion='mse',
                      max_depth=None, max_features='auto', max_leaf_nodes=None,
                      max_samples=None, min_impurity_decrease=0.0,
                      min_impurity_split=None, min_samples_leaf=1,
                      min_samples_split=2, min_weight_fraction_leaf=0.0,
                      n_estimators=100, n_jobs=-1, oob_score=False,
                      random_state=123, verbose=0, warm_start=False), fold=None, round=4, n_iter=10, custom_grid=None, optimize=R2, custom_scorer=None, search_library=scikit-learn, search_algorithm=None, early_stopping=False, early_stopping_max_iters=10, choose_better=False, fit_kwargs=None, groups=None, return_tuner=False, verbose=True, tuner_verbose=True, display=None, kwargs={})
2021-05-26 19:35:49,621:INFO:Checking exceptions
2021-05-26 19:35:49,624:INFO:Preparing display monitor
2021-05-26 19:35:49,662:INFO:Copying training dataset
2021-05-26 19:35:49,667:INFO:Checking base model
2021-05-26 19:35:49,669:INFO:Base model : Random Forest Regressor
2021-05-26 19:35:49,689:INFO:Declaring metric variables
2021-05-26 19:35:49,702:INFO:Defining Hyperparameters
2021-05-26 19:35:50,117:INFO:Tuning with n_jobs=-1
2021-05-26 19:35:50,117:INFO:Initializing RandomizedSearchCV
2021-05-26 19:36:19,454:INFO:best_params: {'actual_estimator__n_estimators': 200, 'actual_estimator__min_samples_split': 7, 'actual_estimator__min_samples_leaf': 5, 'actual_estimator__min_impurity_decrease': 0.0002, 'actual_estimator__max_features': 'sqrt', 'actual_estimator__max_depth': 11, 'actual_estimator__criterion': 'mse', 'actual_estimator__bootstrap': False}
2021-05-26 19:36:19,456:INFO:Hyperparameter search completed
2021-05-26 19:36:19,456:INFO:SubProcess create_model() called ==================================
2021-05-26 19:36:19,457:INFO:Initializing create_model()
2021-05-26 19:36:19,457:INFO:create_model(estimator=RandomForestRegressor(bootstrap=True, ccp_alpha=0.0, criterion='mse',
                      max_depth=None, max_features='auto', max_leaf_nodes=None,
                      max_samples=None, min_impurity_decrease=0.0,
                      min_impurity_split=None, min_samples_leaf=1,
                      min_samples_split=2, min_weight_fraction_leaf=0.0,
                      n_estimators=100, n_jobs=-1, oob_score=False,
                      random_state=123, verbose=0, warm_start=False), fold=KFold(n_splits=10, random_state=None, shuffle=False), round=4, cross_validation=True, predict=True, fit_kwargs={}, groups=None, refit=True, verbose=True, system=False, metrics=None, display=<pycaret.internal.Display.Display object at 0x000001612C004C70>, kwargs={'n_estimators': 200, 'min_samples_split': 7, 'min_samples_leaf': 5, 'min_impurity_decrease': 0.0002, 'max_features': 'sqrt', 'max_depth': 11, 'criterion': 'mse', 'bootstrap': False})
2021-05-26 19:36:19,458:INFO:Checking exceptions
2021-05-26 19:36:19,458:INFO:Importing libraries
2021-05-26 19:36:19,458:INFO:Copying training dataset
2021-05-26 19:36:19,462:INFO:Defining folds
2021-05-26 19:36:19,462:INFO:Declaring metric variables
2021-05-26 19:36:19,473:INFO:Importing untrained model
2021-05-26 19:36:19,473:INFO:Declaring custom model
2021-05-26 19:36:19,483:INFO:Random Forest Regressor Imported succesfully
2021-05-26 19:36:19,505:INFO:Starting cross validation
2021-05-26 19:36:19,506:INFO:Cross validating with KFold(n_splits=10, random_state=None, shuffle=False), n_jobs=-1
2021-05-26 19:36:21,410:INFO:Calculating mean and std
2021-05-26 19:36:21,412:INFO:Creating metrics dataframe
2021-05-26 19:36:21,432:INFO:Finalizing model
2021-05-26 19:36:21,921:INFO:Uploading results into container
2021-05-26 19:36:21,922:INFO:Uploading model into container now
2021-05-26 19:36:21,922:INFO:create_model_container: 23
2021-05-26 19:36:21,922:INFO:master_model_container: 23
2021-05-26 19:36:21,922:INFO:display_container: 8
2021-05-26 19:36:21,923:INFO:RandomForestRegressor(bootstrap=False, ccp_alpha=0.0, criterion='mse',
                      max_depth=11, max_features='sqrt', max_leaf_nodes=None,
                      max_samples=None, min_impurity_decrease=0.0002,
                      min_impurity_split=None, min_samples_leaf=5,
                      min_samples_split=7, min_weight_fraction_leaf=0.0,
                      n_estimators=200, n_jobs=-1, oob_score=False,
                      random_state=123, verbose=0, warm_start=False)
2021-05-26 19:36:21,923:INFO:create_model() succesfully completed......................................
2021-05-26 19:36:22,257:INFO:SubProcess create_model() end ==================================
2021-05-26 19:36:22,283:INFO:create_model_container: 23
2021-05-26 19:36:22,283:INFO:master_model_container: 23
2021-05-26 19:36:22,284:INFO:display_container: 8
2021-05-26 19:36:22,285:INFO:RandomForestRegressor(bootstrap=False, ccp_alpha=0.0, criterion='mse',
                      max_depth=11, max_features='sqrt', max_leaf_nodes=None,
                      max_samples=None, min_impurity_decrease=0.0002,
                      min_impurity_split=None, min_samples_leaf=5,
                      min_samples_split=7, min_weight_fraction_leaf=0.0,
                      n_estimators=200, n_jobs=-1, oob_score=False,
                      random_state=123, verbose=0, warm_start=False)
2021-05-26 19:36:22,285:INFO:tune_model() succesfully completed......................................
2021-05-26 19:37:27,417:INFO:Initializing plot_model()
2021-05-26 19:37:27,418:INFO:plot_model(plot=residuals, fold=None, use_train_data=False, verbose=True, is_in_evaluate=False, display=None, display_format=None, estimator=ExtraTreesRegressor(bootstrap=False, ccp_alpha=0.0, criterion='mse',
                    max_depth=8, max_features='sqrt', max_leaf_nodes=None,
                    max_samples=None, min_impurity_decrease=0.0001,
                    min_impurity_split=None, min_samples_leaf=2,
                    min_samples_split=5, min_weight_fraction_leaf=0.0,
                    n_estimators=240, n_jobs=-1, oob_score=False,
                    random_state=123, verbose=0, warm_start=False), feature_name=None, fit_kwargs=None, groups=None, label=False, save=False, scale=1, system=True)
2021-05-26 19:37:27,419:INFO:Checking exceptions
2021-05-26 19:37:27,477:INFO:Preparing display monitor
2021-05-26 19:37:27,493:INFO:Preloading libraries
2021-05-26 19:37:27,535:INFO:Copying training dataset
2021-05-26 19:37:27,539:INFO:Copying test dataset
2021-05-26 19:37:27,542:INFO:Plot type: residuals
2021-05-26 19:37:33,067:INFO:Fitting Model
2021-05-26 19:38:08,669:INFO:Initializing plot_model()
2021-05-26 19:38:08,671:INFO:plot_model(plot=residuals, fold=None, use_train_data=False, verbose=True, is_in_evaluate=False, display=None, display_format=None, estimator=RandomForestRegressor(bootstrap=False, ccp_alpha=0.0, criterion='mse',
                      max_depth=11, max_features='sqrt', max_leaf_nodes=None,
                      max_samples=None, min_impurity_decrease=0.0002,
                      min_impurity_split=None, min_samples_leaf=5,
                      min_samples_split=7, min_weight_fraction_leaf=0.0,
                      n_estimators=200, n_jobs=-1, oob_score=False,
                      random_state=123, verbose=0, warm_start=False), feature_name=None, fit_kwargs=None, groups=None, label=False, save=False, scale=1, system=True)
2021-05-26 19:38:08,673:INFO:Checking exceptions
2021-05-26 19:38:08,720:INFO:Preparing display monitor
2021-05-26 19:38:08,736:INFO:Preloading libraries
2021-05-26 19:38:08,785:INFO:Copying training dataset
2021-05-26 19:38:08,789:INFO:Copying test dataset
2021-05-26 19:38:08,791:INFO:Plot type: residuals
2021-05-26 19:38:08,941:INFO:Fitting Model
2021-05-26 19:41:16,752:INFO:Initializing plot_model()
2021-05-26 19:41:16,754:INFO:plot_model(plot=error, fold=None, use_train_data=False, verbose=True, is_in_evaluate=False, display=None, display_format=None, estimator=ExtraTreesRegressor(bootstrap=False, ccp_alpha=0.0, criterion='mse',
                    max_depth=8, max_features='sqrt', max_leaf_nodes=None,
                    max_samples=None, min_impurity_decrease=0.0001,
                    min_impurity_split=None, min_samples_leaf=2,
                    min_samples_split=5, min_weight_fraction_leaf=0.0,
                    n_estimators=240, n_jobs=-1, oob_score=False,
                    random_state=123, verbose=0, warm_start=False), feature_name=None, fit_kwargs=None, groups=None, label=False, save=False, scale=1, system=True)
2021-05-26 19:41:16,756:INFO:Checking exceptions
2021-05-26 19:41:16,895:INFO:Preparing display monitor
2021-05-26 19:41:16,910:INFO:Preloading libraries
2021-05-26 19:41:17,017:INFO:Copying training dataset
2021-05-26 19:41:17,019:INFO:Copying test dataset
2021-05-26 19:41:17,023:INFO:Plot type: error
2021-05-26 19:41:17,253:INFO:Fitting Model
2021-05-26 19:41:17,256:INFO:Scoring test/hold-out set
2021-05-26 19:41:22,196:INFO:Visual Rendered Successfully
2021-05-26 19:41:23,835:INFO:plot_model() succesfully completed......................................
2021-05-26 19:44:28,852:INFO:Initializing plot_model()
2021-05-26 19:44:28,855:INFO:plot_model(plot=error, fold=None, use_train_data=False, verbose=True, is_in_evaluate=False, display=None, display_format=None, estimator=RandomForestRegressor(bootstrap=False, ccp_alpha=0.0, criterion='mse',
                      max_depth=11, max_features='sqrt', max_leaf_nodes=None,
                      max_samples=None, min_impurity_decrease=0.0002,
                      min_impurity_split=None, min_samples_leaf=5,
                      min_samples_split=7, min_weight_fraction_leaf=0.0,
                      n_estimators=200, n_jobs=-1, oob_score=False,
                      random_state=123, verbose=0, warm_start=False), feature_name=None, fit_kwargs=None, groups=None, label=False, save=False, scale=1, system=True)
2021-05-26 19:44:28,856:INFO:Checking exceptions
2021-05-26 19:44:28,959:INFO:Preparing display monitor
2021-05-26 19:44:28,988:INFO:Preloading libraries
2021-05-26 19:44:29,102:INFO:Copying training dataset
2021-05-26 19:44:29,108:INFO:Copying test dataset
2021-05-26 19:44:29,110:INFO:Plot type: error
2021-05-26 19:44:29,354:INFO:Fitting Model
2021-05-26 19:44:29,358:INFO:Scoring test/hold-out set
2021-05-26 19:44:32,700:INFO:Visual Rendered Successfully
2021-05-26 19:44:34,461:INFO:plot_model() succesfully completed......................................
2021-05-26 19:46:23,059:INFO:Initializing plot_model()
2021-05-26 19:46:23,061:INFO:plot_model(plot=feature, fold=None, use_train_data=False, verbose=True, is_in_evaluate=False, display=None, display_format=None, estimator=ExtraTreesRegressor(bootstrap=False, ccp_alpha=0.0, criterion='mse',
                    max_depth=8, max_features='sqrt', max_leaf_nodes=None,
                    max_samples=None, min_impurity_decrease=0.0001,
                    min_impurity_split=None, min_samples_leaf=2,
                    min_samples_split=5, min_weight_fraction_leaf=0.0,
                    n_estimators=240, n_jobs=-1, oob_score=False,
                    random_state=123, verbose=0, warm_start=False), feature_name=None, fit_kwargs=None, groups=None, label=False, save=False, scale=1, system=True)
2021-05-26 19:46:23,065:INFO:Checking exceptions
2021-05-26 19:46:23,165:INFO:Preparing display monitor
2021-05-26 19:46:23,222:INFO:Preloading libraries
2021-05-26 19:46:23,275:INFO:Copying training dataset
2021-05-26 19:46:23,276:INFO:Copying test dataset
2021-05-26 19:46:23,277:INFO:Plot type: feature
2021-05-26 19:46:23,609:WARNING:No coef_ found. Trying feature_importances_
2021-05-26 19:46:25,546:INFO:Visual Rendered Successfully
2021-05-26 19:46:26,830:INFO:plot_model() succesfully completed......................................
2021-05-26 19:46:49,867:INFO:Initializing plot_model()
2021-05-26 19:46:49,868:INFO:plot_model(plot=feature, fold=None, use_train_data=False, verbose=True, is_in_evaluate=False, display=None, display_format=None, estimator=RandomForestRegressor(bootstrap=False, ccp_alpha=0.0, criterion='mse',
                      max_depth=11, max_features='sqrt', max_leaf_nodes=None,
                      max_samples=None, min_impurity_decrease=0.0002,
                      min_impurity_split=None, min_samples_leaf=5,
                      min_samples_split=7, min_weight_fraction_leaf=0.0,
                      n_estimators=200, n_jobs=-1, oob_score=False,
                      random_state=123, verbose=0, warm_start=False), feature_name=None, fit_kwargs=None, groups=None, label=False, save=False, scale=1, system=True)
2021-05-26 19:46:49,868:INFO:Checking exceptions
2021-05-26 19:46:49,916:INFO:Preparing display monitor
2021-05-26 19:46:49,927:INFO:Preloading libraries
2021-05-26 19:46:50,011:INFO:Copying training dataset
2021-05-26 19:46:50,015:INFO:Copying test dataset
2021-05-26 19:46:50,018:INFO:Plot type: feature
2021-05-26 19:46:50,309:WARNING:No coef_ found. Trying feature_importances_
2021-05-26 19:46:51,729:INFO:Visual Rendered Successfully
2021-05-26 19:46:52,756:INFO:plot_model() succesfully completed......................................
2021-05-27 14:11:46,571:INFO:PyCaret Supervised Module
2021-05-27 14:11:46,571:INFO:ML Usecase: classification
2021-05-27 14:11:46,572:INFO:version 2.3.1
2021-05-27 14:11:46,572:INFO:Initializing setup()
2021-05-27 14:11:46,572:INFO:setup(target=default, ml_usecase=classification, available_plots={'parameter': 'Hyperparameters', 'auc': 'AUC', 'confusion_matrix': 'Confusion Matrix', 'threshold': 'Threshold', 'pr': 'Precision Recall', 'error': 'Prediction Error', 'class_report': 'Class Report', 'rfe': 'Feature Selection', 'learning': 'Learning Curve', 'manifold': 'Manifold Learning', 'calibration': 'Calibration Curve', 'vc': 'Validation Curve', 'dimension': 'Dimensions', 'feature': 'Feature Importance', 'feature_all': 'Feature Importance (All)', 'boundary': 'Decision Boundary', 'lift': 'Lift Chart', 'gain': 'Gain Chart', 'tree': 'Decision Tree'}, train_size=0.7, test_data=None, preprocess=True, imputation_type=simple, iterative_imputation_iters=5, categorical_features=None, categorical_imputation=constant, categorical_iterative_imputer=lightgbm, ordinal_features=None, high_cardinality_features=None, high_cardinality_method=frequency, numeric_features=None, numeric_imputation=mean, numeric_iterative_imputer=lightgbm, date_features=None, ignore_features=None, normalize=False, normalize_method=zscore, transformation=False, transformation_method=yeo-johnson, handle_unknown_categorical=True, unknown_categorical_method=least_frequent, pca=False, pca_method=linear, pca_components=None, ignore_low_variance=False, combine_rare_levels=False, rare_level_threshold=0.1, bin_numeric_features=None, remove_outliers=False, outliers_threshold=0.05, remove_multicollinearity=False, multicollinearity_threshold=0.9, remove_perfect_collinearity=True, create_clusters=False, cluster_iter=20, polynomial_features=False, polynomial_degree=2, trigonometry_features=False, polynomial_threshold=0.1, group_features=None, group_names=None, feature_selection=False, feature_selection_threshold=0.8, feature_selection_method=classic, feature_interaction=False, feature_ratio=False, interaction_threshold=0.01, fix_imbalance=False, fix_imbalance_method=None, transform_target=False, transform_target_method=box-cox, data_split_shuffle=True, data_split_stratify=False, fold_strategy=stratifiedkfold, fold=10, fold_shuffle=False, fold_groups=None, n_jobs=-1, use_gpu=False, custom_pipeline=None, html=True, session_id=123, log_experiment=False, experiment_name=None, log_plots=False, log_profile=False, log_data=False, silent=False, verbose=True, profile=False, profile_kwargs=None, display=None)
2021-05-27 14:11:46,572:INFO:Checking environment
2021-05-27 14:11:46,572:INFO:python_version: 3.8.5
2021-05-27 14:11:46,572:INFO:python_build: ('default', 'Sep  3 2020 21:29:08')
2021-05-27 14:11:46,573:INFO:machine: AMD64
2021-05-27 14:11:46,573:INFO:platform: Windows-10-10.0.19041-SP0
2021-05-27 14:11:46,573:INFO:Memory: svmem(total=16929988608, available=7822667776, percent=53.8, used=9107320832, free=7822667776)
2021-05-27 14:11:46,573:INFO:Physical Core: 6
2021-05-27 14:11:46,573:INFO:Logical Core: 12
2021-05-27 14:11:46,574:INFO:Checking libraries
2021-05-27 14:11:46,574:INFO:pd==1.1.3
2021-05-27 14:11:46,574:INFO:numpy==1.19.5
2021-05-27 14:11:46,574:INFO:sklearn==0.23.2
2021-05-27 14:11:46,574:INFO:lightgbm==3.2.1
2021-05-27 14:11:46,575:WARNING:catboost not found
2021-05-27 14:11:46,576:WARNING:xgboost not found
2021-05-27 14:11:47,032:INFO:mlflow==1.17.0
2021-05-27 14:11:47,032:INFO:Checking Exceptions
2021-05-27 14:12:36,070:INFO:PyCaret Supervised Module
2021-05-27 14:12:36,071:INFO:ML Usecase: classification
2021-05-27 14:12:36,071:INFO:version 2.3.1
2021-05-27 14:12:36,071:INFO:Initializing setup()
2021-05-27 14:12:36,071:INFO:setup(target=quality_category, ml_usecase=classification, available_plots={'parameter': 'Hyperparameters', 'auc': 'AUC', 'confusion_matrix': 'Confusion Matrix', 'threshold': 'Threshold', 'pr': 'Precision Recall', 'error': 'Prediction Error', 'class_report': 'Class Report', 'rfe': 'Feature Selection', 'learning': 'Learning Curve', 'manifold': 'Manifold Learning', 'calibration': 'Calibration Curve', 'vc': 'Validation Curve', 'dimension': 'Dimensions', 'feature': 'Feature Importance', 'feature_all': 'Feature Importance (All)', 'boundary': 'Decision Boundary', 'lift': 'Lift Chart', 'gain': 'Gain Chart', 'tree': 'Decision Tree'}, train_size=0.7, test_data=None, preprocess=True, imputation_type=simple, iterative_imputation_iters=5, categorical_features=None, categorical_imputation=constant, categorical_iterative_imputer=lightgbm, ordinal_features=None, high_cardinality_features=None, high_cardinality_method=frequency, numeric_features=None, numeric_imputation=mean, numeric_iterative_imputer=lightgbm, date_features=None, ignore_features=None, normalize=False, normalize_method=zscore, transformation=False, transformation_method=yeo-johnson, handle_unknown_categorical=True, unknown_categorical_method=least_frequent, pca=False, pca_method=linear, pca_components=None, ignore_low_variance=False, combine_rare_levels=False, rare_level_threshold=0.1, bin_numeric_features=None, remove_outliers=False, outliers_threshold=0.05, remove_multicollinearity=False, multicollinearity_threshold=0.9, remove_perfect_collinearity=True, create_clusters=False, cluster_iter=20, polynomial_features=False, polynomial_degree=2, trigonometry_features=False, polynomial_threshold=0.1, group_features=None, group_names=None, feature_selection=False, feature_selection_threshold=0.8, feature_selection_method=classic, feature_interaction=False, feature_ratio=False, interaction_threshold=0.01, fix_imbalance=False, fix_imbalance_method=None, transform_target=False, transform_target_method=box-cox, data_split_shuffle=True, data_split_stratify=False, fold_strategy=stratifiedkfold, fold=10, fold_shuffle=False, fold_groups=None, n_jobs=-1, use_gpu=False, custom_pipeline=None, html=True, session_id=123, log_experiment=False, experiment_name=None, log_plots=False, log_profile=False, log_data=False, silent=False, verbose=True, profile=False, profile_kwargs=None, display=None)
2021-05-27 14:12:36,071:INFO:Checking environment
2021-05-27 14:12:36,072:INFO:python_version: 3.8.5
2021-05-27 14:12:36,072:INFO:python_build: ('default', 'Sep  3 2020 21:29:08')
2021-05-27 14:12:36,072:INFO:machine: AMD64
2021-05-27 14:12:36,072:INFO:platform: Windows-10-10.0.19041-SP0
2021-05-27 14:12:36,072:INFO:Memory: svmem(total=16929988608, available=7801683968, percent=53.9, used=9128304640, free=7801683968)
2021-05-27 14:12:36,072:INFO:Physical Core: 6
2021-05-27 14:12:36,072:INFO:Logical Core: 12
2021-05-27 14:12:36,072:INFO:Checking libraries
2021-05-27 14:12:36,072:INFO:pd==1.1.3
2021-05-27 14:12:36,072:INFO:numpy==1.19.5
2021-05-27 14:12:36,072:INFO:sklearn==0.23.2
2021-05-27 14:12:36,072:INFO:lightgbm==3.2.1
2021-05-27 14:12:36,073:WARNING:catboost not found
2021-05-27 14:12:36,074:WARNING:xgboost not found
2021-05-27 14:12:36,074:INFO:mlflow==1.17.0
2021-05-27 14:12:36,074:INFO:Checking Exceptions
2021-05-27 14:12:36,075:INFO:Declaring global variables
2021-05-27 14:12:36,075:INFO:USI: 6b96
2021-05-27 14:12:36,075:INFO:pycaret_globals: {'log_plots_param', 'create_model_container', 'stratify_param', 'y_test', 'y_train', 'imputation_regressor', '_internal_pipeline', 'y', 'USI', 'exp_name_log', 'fold_shuffle_param', 'iterative_imputation_iters_param', 'html_param', 'X', 'X_train', 'X_test', 'fold_param', 'fold_generator', 'fold_groups_param_full', '_available_plots', 'display_container', 'n_jobs_param', '_all_models_internal', 'seed', 'fold_groups_param', 'data_before_preprocess', '_all_models', 'experiment__', 'gpu_param', 'prep_pipe', '_gpu_n_jobs_param', 'fix_imbalance_method_param', 'target_param', 'master_model_container', 'fix_imbalance_param', 'logging_param', '_all_metrics', 'transform_target_param', 'pycaret_globals', 'imputation_classifier', '_ml_usecase', 'transform_target_method_param'}
2021-05-27 14:12:36,075:INFO:Preparing display monitor
2021-05-27 14:12:36,075:INFO:Preparing display monitor
2021-05-27 14:12:36,087:INFO:Importing libraries
2021-05-27 14:12:36,087:INFO:Copying data for preprocessing
2021-05-27 14:12:36,094:INFO:Declaring preprocessing parameters
2021-05-27 14:12:36,095:INFO:Creating preprocessing pipeline
2021-05-27 14:12:36,106:INFO:Preprocessing pipeline created successfully
2021-05-27 14:12:36,106:ERROR:(Process Exit): setup has been interupted with user command 'quit'. setup must rerun.
2021-05-27 14:12:36,106:INFO:Creating global containers
2021-05-27 14:12:36,108:INFO:Internal pipeline: Pipeline(memory=None, steps=[('empty_step', 'passthrough')], verbose=False)
2021-05-27 14:12:43,238:WARNING:Couldn't import xgboost.XGBClassifier
2021-05-27 14:12:43,239:WARNING:Couldn't import catboost.CatBoostClassifier
2021-05-27 14:12:43,300:WARNING:Couldn't import xgboost.XGBClassifier
2021-05-27 14:12:43,302:WARNING:Couldn't import catboost.CatBoostClassifier
2021-05-27 14:12:43,302:INFO:Creating grid variables
2021-05-27 14:12:43,320:INFO:create_model_container: 0
2021-05-27 14:12:43,320:INFO:master_model_container: 0
2021-05-27 14:12:43,320:INFO:display_container: 1
2021-05-27 14:12:43,324:INFO:Pipeline(memory=None,
         steps=[('dtypes',
                 DataTypes_Auto_infer(categorical_features=[],
                                      display_types=True, features_todrop=[],
                                      id_columns=[],
                                      ml_usecase='classification',
                                      numerical_features=[],
                                      target='quality_category',
                                      time_features=[])),
                ('imputer',
                 Simple_Imputer(categorical_strategy='not_available',
                                fill_value_categorical=None,
                                fill_value_numerical=None,
                                num...
                ('scaling', 'passthrough'), ('P_transform', 'passthrough'),
                ('binn', 'passthrough'), ('rem_outliers', 'passthrough'),
                ('cluster_all', 'passthrough'),
                ('dummy', Dummify(target='quality_category')),
                ('fix_perfect', Remove_100(target='quality_category')),
                ('clean_names', Clean_Colum_Names()),
                ('feature_select', 'passthrough'), ('fix_multi', 'passthrough'),
                ('dfs', 'passthrough'), ('pca', 'passthrough')],
         verbose=False)
2021-05-27 14:12:43,324:INFO:setup() succesfully completed......................................
